{"C:\\Users\\Admin\\Documents\\NodeJS\\E-Shop\\Backend\\src\\application\\cartServices.ts": {"path":"C:\\Users\\Admin\\Documents\\NodeJS\\E-Shop\\Backend\\src\\application\\cartServices.ts","statementMap":{"0":{"start":{"line":2,"column":0},"end":{"line":2,"column":78}},"1":{"start":{"line":6,"column":4},"end":{"line":6,"column":48}},"2":{"start":{"line":10,"column":4},"end":{"line":10,"column":71}},"3":{"start":{"line":14,"column":4},"end":{"line":14,"column":68}},"4":{"start":{"line":18,"column":4},"end":{"line":18,"column":58}},"5":{"start":{"line":4,"column":0},"end":{"line":4,"column":13}},"6":{"start":{"line":22,"column":0},"end":{"line":22,"column":27}}},"fnMap":{"0":{"name":"(anonymous_0)","decl":{"start":{"line":5,"column":2},"end":{"line":5,"column":8}},"loc":{"start":{"line":5,"column":92},"end":{"line":7,"column":3}}},"1":{"name":"(anonymous_1)","decl":{"start":{"line":9,"column":2},"end":{"line":9,"column":8}},"loc":{"start":{"line":9,"column":131},"end":{"line":11,"column":3}}},"2":{"name":"(anonymous_2)","decl":{"start":{"line":13,"column":2},"end":{"line":13,"column":8}},"loc":{"start":{"line":13,"column":120},"end":{"line":15,"column":3}}},"3":{"name":"(anonymous_3)","decl":{"start":{"line":17,"column":2},"end":{"line":17,"column":8}},"loc":{"start":{"line":17,"column":102},"end":{"line":19,"column":3}}}},"branchMap":{"0":{"loc":{"start":{"line":5,"column":39},"end":{"line":5,"column":92}},"type":"default-arg","locations":[{"start":{"line":5,"column":72},"end":{"line":5,"column":92}}]},"1":{"loc":{"start":{"line":9,"column":78},"end":{"line":9,"column":131}},"type":"default-arg","locations":[{"start":{"line":9,"column":111},"end":{"line":9,"column":131}}]},"2":{"loc":{"start":{"line":13,"column":67},"end":{"line":13,"column":120}},"type":"default-arg","locations":[{"start":{"line":13,"column":100},"end":{"line":13,"column":120}}]},"3":{"loc":{"start":{"line":17,"column":49},"end":{"line":17,"column":102}},"type":"default-arg","locations":[{"start":{"line":17,"column":82},"end":{"line":17,"column":102}}]}},"s":{"0":2,"1":1,"2":1,"3":1,"4":1,"5":2,"6":2},"f":{"0":1,"1":1,"2":1,"3":1},"b":{"0":[0],"1":[0],"2":[0],"3":[0]}}
,"C:\\Users\\Admin\\Documents\\NodeJS\\E-Shop\\Backend\\src\\application\\orderService.ts": {"path":"C:\\Users\\Admin\\Documents\\NodeJS\\E-Shop\\Backend\\src\\application\\orderService.ts","statementMap":{"0":{"start":{"line":2,"column":0},"end":{"line":2,"column":76}},"1":{"start":{"line":5,"column":31},"end":{"line":5,"column":63}},"2":{"start":{"line":8,"column":4},"end":{"line":8,"column":68}},"3":{"start":{"line":12,"column":4},"end":{"line":12,"column":73}},"4":{"start":{"line":16,"column":4},"end":{"line":16,"column":74}},"5":{"start":{"line":20,"column":4},"end":{"line":20,"column":65}},"6":{"start":{"line":4,"column":0},"end":{"line":4,"column":13}},"7":{"start":{"line":24,"column":0},"end":{"line":24,"column":55}}},"fnMap":{"0":{"name":"(anonymous_1)","decl":{"start":{"line":5,"column":2},"end":{"line":5,"column":31}},"loc":{"start":{"line":5,"column":63},"end":{"line":5,"column":67}}},"1":{"name":"(anonymous_2)","decl":{"start":{"line":7,"column":2},"end":{"line":7,"column":7}},"loc":{"start":{"line":7,"column":110},"end":{"line":9,"column":3}}},"2":{"name":"(anonymous_3)","decl":{"start":{"line":11,"column":2},"end":{"line":11,"column":7}},"loc":{"start":{"line":11,"column":49},"end":{"line":13,"column":3}}},"3":{"name":"(anonymous_4)","decl":{"start":{"line":15,"column":2},"end":{"line":15,"column":7}},"loc":{"start":{"line":15,"column":58},"end":{"line":17,"column":3}}},"4":{"name":"(anonymous_5)","decl":{"start":{"line":19,"column":2},"end":{"line":19,"column":7}},"loc":{"start":{"line":19,"column":41},"end":{"line":21,"column":3}}}},"branchMap":{},"s":{"0":1,"1":1,"2":0,"3":0,"4":0,"5":0,"6":1,"7":1},"f":{"0":1,"1":0,"2":0,"3":0,"4":0},"b":{}}
,"C:\\Users\\Admin\\Documents\\NodeJS\\E-Shop\\Backend\\src\\application\\productServices.ts": {"path":"C:\\Users\\Admin\\Documents\\NodeJS\\E-Shop\\Backend\\src\\application\\productServices.ts","statementMap":{"0":{"start":{"line":1,"column":0},"end":{"line":1,"column":84}},"1":{"start":{"line":5,"column":31},"end":{"line":5,"column":73}},"2":{"start":{"line":8,"column":4},"end":{"line":8,"column":68}},"3":{"start":{"line":12,"column":4},"end":{"line":12,"column":66}},"4":{"start":{"line":16,"column":4},"end":{"line":16,"column":59}},"5":{"start":{"line":20,"column":4},"end":{"line":20,"column":78}},"6":{"start":{"line":24,"column":4},"end":{"line":24,"column":65}},"7":{"start":{"line":4,"column":0},"end":{"line":4,"column":13}},"8":{"start":{"line":28,"column":23},"end":{"line":28,"column":72}},"9":{"start":{"line":30,"column":0},"end":{"line":30,"column":30}}},"fnMap":{"0":{"name":"(anonymous_0)","decl":{"start":{"line":5,"column":2},"end":{"line":5,"column":31}},"loc":{"start":{"line":5,"column":73},"end":{"line":5,"column":77}}},"1":{"name":"(anonymous_1)","decl":{"start":{"line":7,"column":2},"end":{"line":7,"column":7}},"loc":{"start":{"line":7,"column":50},"end":{"line":9,"column":3}}},"2":{"name":"(anonymous_2)","decl":{"start":{"line":11,"column":2},"end":{"line":11,"column":7}},"loc":{"start":{"line":11,"column":40},"end":{"line":13,"column":3}}},"3":{"name":"(anonymous_3)","decl":{"start":{"line":15,"column":2},"end":{"line":15,"column":7}},"loc":{"start":{"line":15,"column":24},"end":{"line":17,"column":3}}},"4":{"name":"(anonymous_4)","decl":{"start":{"line":19,"column":2},"end":{"line":19,"column":7}},"loc":{"start":{"line":19,"column":70},"end":{"line":21,"column":3}}},"5":{"name":"(anonymous_5)","decl":{"start":{"line":23,"column":2},"end":{"line":23,"column":7}},"loc":{"start":{"line":23,"column":39},"end":{"line":25,"column":3}}}},"branchMap":{},"s":{"0":1,"1":1,"2":0,"3":0,"4":0,"5":0,"6":0,"7":1,"8":1,"9":1},"f":{"0":1,"1":0,"2":0,"3":0,"4":0,"5":0},"b":{}}
,"C:\\Users\\Admin\\Documents\\NodeJS\\E-Shop\\Backend\\src\\infrastructure\\PrismaCartRepository.ts": {"path":"C:\\Users\\Admin\\Documents\\NodeJS\\E-Shop\\Backend\\src\\infrastructure\\PrismaCartRepository.ts","statementMap":{"0":{"start":{"line":1,"column":0},"end":{"line":1,"column":46}},"1":{"start":{"line":4,"column":15},"end":{"line":4,"column":33}},"2":{"start":{"line":6,"column":13},"end":{"line":112,"column":2}},"3":{"start":{"line":8,"column":4},"end":{"line":32,"column":3}},"4":{"start":{"line":9,"column":25},"end":{"line":11,"column":6}},"5":{"start":{"line":13,"column":4},"end":{"line":16,"column":5}},"6":{"start":{"line":15,"column":6},"end":{"line":15,"column":72}},"7":{"start":{"line":18,"column":22},"end":{"line":21,"column":6}},"8":{"start":{"line":24,"column":4},"end":{"line":26,"column":5}},"9":{"start":{"line":25,"column":6},"end":{"line":25,"column":72}},"10":{"start":{"line":28,"column":4},"end":{"line":28,"column":85}},"11":{"start":{"line":30,"column":4},"end":{"line":30,"column":49}},"12":{"start":{"line":31,"column":4},"end":{"line":31,"column":50}},"13":{"start":{"line":36,"column":4},"end":{"line":71,"column":5}},"14":{"start":{"line":37,"column":25},"end":{"line":40,"column":8}},"15":{"start":{"line":42,"column":6},"end":{"line":47,"column":7}},"16":{"start":{"line":43,"column":8},"end":{"line":46,"column":11}},"17":{"start":{"line":49,"column":31},"end":{"line":49,"column":95}},"18":{"start":{"line":49,"column":66},"end":{"line":49,"column":94}},"19":{"start":{"line":51,"column":6},"end":{"line":60,"column":7}},"20":{"start":{"line":52,"column":8},"end":{"line":55,"column":11}},"21":{"start":{"line":57,"column":8},"end":{"line":59,"column":11}},"22":{"start":{"line":62,"column":26},"end":{"line":65,"column":8}},"23":{"start":{"line":67,"column":6},"end":{"line":67,"column":25}},"24":{"start":{"line":69,"column":6},"end":{"line":69,"column":57}},"25":{"start":{"line":70,"column":6},"end":{"line":70,"column":53}},"26":{"start":{"line":75,"column":4},"end":{"line":93,"column":5}},"27":{"start":{"line":76,"column":23},"end":{"line":78,"column":8}},"28":{"start":{"line":80,"column":6},"end":{"line":82,"column":7}},"29":{"start":{"line":81,"column":8},"end":{"line":81,"column":47}},"30":{"start":{"line":84,"column":30},"end":{"line":87,"column":8}},"31":{"start":{"line":89,"column":6},"end":{"line":89,"column":29}},"32":{"start":{"line":91,"column":6},"end":{"line":91,"column":56}},"33":{"start":{"line":92,"column":6},"end":{"line":92,"column":52}},"34":{"start":{"line":97,"column":4},"end":{"line":110,"column":5}},"35":{"start":{"line":98,"column":23},"end":{"line":100,"column":8}},"36":{"start":{"line":102,"column":6},"end":{"line":104,"column":7}},"37":{"start":{"line":103,"column":8},"end":{"line":103,"column":47}},"38":{"start":{"line":106,"column":6},"end":{"line":106,"column":83}},"39":{"start":{"line":108,"column":6},"end":{"line":108,"column":56}},"40":{"start":{"line":109,"column":6},"end":{"line":109,"column":57}}},"fnMap":{"0":{"name":"(anonymous_0)","decl":{"start":{"line":7,"column":2},"end":{"line":7,"column":7}},"loc":{"start":{"line":7,"column":30},"end":{"line":33,"column":3}}},"1":{"name":"(anonymous_1)","decl":{"start":{"line":35,"column":2},"end":{"line":35,"column":7}},"loc":{"start":{"line":35,"column":69},"end":{"line":72,"column":3}}},"2":{"name":"(anonymous_2)","decl":{"start":{"line":49,"column":58},"end":{"line":49,"column":62}},"loc":{"start":{"line":49,"column":66},"end":{"line":49,"column":94}}},"3":{"name":"(anonymous_3)","decl":{"start":{"line":74,"column":2},"end":{"line":74,"column":7}},"loc":{"start":{"line":74,"column":58},"end":{"line":94,"column":3}}},"4":{"name":"(anonymous_4)","decl":{"start":{"line":96,"column":2},"end":{"line":96,"column":7}},"loc":{"start":{"line":96,"column":40},"end":{"line":111,"column":3}}}},"branchMap":{"0":{"loc":{"start":{"line":13,"column":4},"end":{"line":16,"column":5}},"type":"if","locations":[{"start":{"line":13,"column":4},"end":{"line":16,"column":5}}]},"1":{"loc":{"start":{"line":24,"column":4},"end":{"line":26,"column":5}},"type":"if","locations":[{"start":{"line":24,"column":4},"end":{"line":26,"column":5}}]},"2":{"loc":{"start":{"line":42,"column":6},"end":{"line":47,"column":7}},"type":"if","locations":[{"start":{"line":42,"column":6},"end":{"line":47,"column":7}}]},"3":{"loc":{"start":{"line":51,"column":6},"end":{"line":60,"column":7}},"type":"if","locations":[{"start":{"line":51,"column":6},"end":{"line":60,"column":7}},{"start":{"line":56,"column":13},"end":{"line":60,"column":7}}]},"4":{"loc":{"start":{"line":80,"column":6},"end":{"line":82,"column":7}},"type":"if","locations":[{"start":{"line":80,"column":6},"end":{"line":82,"column":7}}]},"5":{"loc":{"start":{"line":102,"column":6},"end":{"line":104,"column":7}},"type":"if","locations":[{"start":{"line":102,"column":6},"end":{"line":104,"column":7}}]}},"s":{"0":2,"1":2,"2":2,"3":0,"4":0,"5":0,"6":0,"7":0,"8":0,"9":0,"10":0,"11":0,"12":0,"13":0,"14":0,"15":0,"16":0,"17":0,"18":0,"19":0,"20":0,"21":0,"22":0,"23":0,"24":0,"25":0,"26":0,"27":0,"28":0,"29":0,"30":0,"31":0,"32":0,"33":0,"34":0,"35":0,"36":0,"37":0,"38":0,"39":0,"40":0},"f":{"0":0,"1":0,"2":0,"3":0,"4":0},"b":{"0":[0],"1":[0],"2":[0],"3":[0,0],"4":[0],"5":[0]}}
,"C:\\Users\\Admin\\Documents\\NodeJS\\E-Shop\\Backend\\src\\infrastructure\\PrismaOrderRepository.ts": {"path":"C:\\Users\\Admin\\Documents\\NodeJS\\E-Shop\\Backend\\src\\infrastructure\\PrismaOrderRepository.ts","statementMap":{"0":{"start":{"line":1,"column":0},"end":{"line":1,"column":46}},"1":{"start":{"line":3,"column":0},"end":{"line":3,"column":36}},"2":{"start":{"line":4,"column":0},"end":{"line":4,"column":28}},"3":{"start":{"line":6,"column":0},"end":{"line":6,"column":16}},"4":{"start":{"line":7,"column":15},"end":{"line":7,"column":33}},"5":{"start":{"line":11,"column":2},"end":{"line":87,"column":3}},"6":{"start":{"line":12,"column":19},"end":{"line":12,"column":30}},"7":{"start":{"line":15,"column":18},"end":{"line":20,"column":6}},"8":{"start":{"line":23,"column":25},"end":{"line":34,"column":null}},"9":{"start":{"line":25,"column":50},"end":{"line":25,"column":57}},"10":{"start":{"line":26,"column":8},"end":{"line":33,"column":11}},"11":{"start":{"line":38,"column":28},"end":{"line":43,"column":6}},"12":{"start":{"line":46,"column":30},"end":{"line":57,"column":null}},"13":{"start":{"line":48,"column":40},"end":{"line":48,"column":47}},"14":{"start":{"line":49,"column":8},"end":{"line":56,"column":11}},"15":{"start":{"line":61,"column":29},"end":{"line":65,"column":6}},"16":{"start":{"line":67,"column":4},"end":{"line":69,"column":5}},"17":{"start":{"line":68,"column":6},"end":{"line":68,"column":58}},"18":{"start":{"line":71,"column":4},"end":{"line":75,"column":7}},"19":{"start":{"line":77,"column":4},"end":{"line":81,"column":7}},"20":{"start":{"line":83,"column":4},"end":{"line":83,"column":71}},"21":{"start":{"line":85,"column":4},"end":{"line":85,"column":50}},"22":{"start":{"line":86,"column":4},"end":{"line":86,"column":45}},"23":{"start":{"line":91,"column":2},"end":{"line":164,"column":3}},"24":{"start":{"line":92,"column":17},"end":{"line":96,"column":6}},"25":{"start":{"line":98,"column":4},"end":{"line":100,"column":5}},"26":{"start":{"line":99,"column":6},"end":{"line":99,"column":40}},"27":{"start":{"line":102,"column":18},"end":{"line":102,"column":28}},"28":{"start":{"line":104,"column":24},"end":{"line":110,"column":6}},"29":{"start":{"line":113,"column":28},"end":{"line":113,"column":65}},"30":{"start":{"line":116,"column":4},"end":{"line":118,"column":5}},"31":{"start":{"line":117,"column":6},"end":{"line":117,"column":64}},"32":{"start":{"line":121,"column":24},"end":{"line":121,"column":67}},"33":{"start":{"line":124,"column":30},"end":{"line":124,"column":59}},"34":{"start":{"line":127,"column":25},"end":{"line":144,"column":6}},"35":{"start":{"line":135,"column":127},"end":{"line":142,"column":10}},"36":{"start":{"line":147,"column":24},"end":{"line":155,"column":6}},"37":{"start":{"line":158,"column":4},"end":{"line":158,"column":44}},"38":{"start":{"line":160,"column":4},"end":{"line":160,"column":62}},"39":{"start":{"line":162,"column":4},"end":{"line":162,"column":68}},"40":{"start":{"line":163,"column":4},"end":{"line":163,"column":63}},"41":{"start":{"line":168,"column":2},"end":{"line":187,"column":3}},"42":{"start":{"line":169,"column":24},"end":{"line":181,"column":6}},"43":{"start":{"line":183,"column":4},"end":{"line":183,"column":23}},"44":{"start":{"line":185,"column":4},"end":{"line":185,"column":57}},"45":{"start":{"line":186,"column":4},"end":{"line":186,"column":45}},"46":{"start":{"line":191,"column":2},"end":{"line":210,"column":3}},"47":{"start":{"line":192,"column":28},"end":{"line":204,"column":6}},"48":{"start":{"line":206,"column":4},"end":{"line":206,"column":27}},"49":{"start":{"line":208,"column":4},"end":{"line":208,"column":61}},"50":{"start":{"line":209,"column":4},"end":{"line":209,"column":45}},"51":{"start":{"line":9,"column":0},"end":{"line":9,"column":13}},"52":{"start":{"line":214,"column":0},"end":{"line":214,"column":43}}},"fnMap":{"0":{"name":"(anonymous_1)","decl":{"start":{"line":10,"column":1},"end":{"line":10,"column":6}},"loc":{"start":{"line":10,"column":109},"end":{"line":88,"column":1}}},"1":{"name":"(anonymous_2)","decl":{"start":{"line":24,"column":19},"end":{"line":24,"column":24}},"loc":{"start":{"line":24,"column":37},"end":{"line":34,"column":7}}},"2":{"name":"(anonymous_3)","decl":{"start":{"line":47,"column":19},"end":{"line":47,"column":24}},"loc":{"start":{"line":47,"column":37},"end":{"line":57,"column":7}}},"3":{"name":"(anonymous_4)","decl":{"start":{"line":90,"column":2},"end":{"line":90,"column":7}},"loc":{"start":{"line":90,"column":49},"end":{"line":165,"column":1}}},"4":{"name":"(anonymous_5)","decl":{"start":{"line":135,"column":32},"end":{"line":135,"column":33}},"loc":{"start":{"line":135,"column":127},"end":{"line":142,"column":10}}},"5":{"name":"(anonymous_6)","decl":{"start":{"line":167,"column":0},"end":{"line":167,"column":5}},"loc":{"start":{"line":167,"column":56},"end":{"line":188,"column":1}}},"6":{"name":"(anonymous_7)","decl":{"start":{"line":190,"column":2},"end":{"line":190,"column":7}},"loc":{"start":{"line":190,"column":41},"end":{"line":211,"column":1}}}},"branchMap":{"0":{"loc":{"start":{"line":67,"column":4},"end":{"line":69,"column":5}},"type":"if","locations":[{"start":{"line":67,"column":4},"end":{"line":69,"column":5}}]},"1":{"loc":{"start":{"line":98,"column":4},"end":{"line":100,"column":5}},"type":"if","locations":[{"start":{"line":98,"column":4},"end":{"line":100,"column":5}}]},"2":{"loc":{"start":{"line":116,"column":4},"end":{"line":118,"column":5}},"type":"if","locations":[{"start":{"line":116,"column":4},"end":{"line":118,"column":5}}]}},"s":{"0":1,"1":1,"2":1,"3":1,"4":1,"5":0,"6":0,"7":0,"8":0,"9":0,"10":0,"11":0,"12":0,"13":0,"14":0,"15":0,"16":0,"17":0,"18":0,"19":0,"20":0,"21":0,"22":0,"23":0,"24":0,"25":0,"26":0,"27":0,"28":0,"29":0,"30":0,"31":0,"32":0,"33":0,"34":0,"35":0,"36":0,"37":0,"38":0,"39":0,"40":0,"41":0,"42":0,"43":0,"44":0,"45":0,"46":0,"47":0,"48":0,"49":0,"50":0,"51":1,"52":1},"f":{"0":0,"1":0,"2":0,"3":0,"4":0,"5":0,"6":0},"b":{"0":[0],"1":[0],"2":[0]}}
,"C:\\Users\\Admin\\Documents\\NodeJS\\E-Shop\\Backend\\src\\infrastructure\\PrismaProductRepository.ts": {"path":"C:\\Users\\Admin\\Documents\\NodeJS\\E-Shop\\Backend\\src\\infrastructure\\PrismaProductRepository.ts","statementMap":{"0":{"start":{"line":1,"column":0},"end":{"line":1,"column":46}},"1":{"start":{"line":5,"column":15},"end":{"line":5,"column":33}},"2":{"start":{"line":9,"column":4},"end":{"line":20,"column":5}},"3":{"start":{"line":10,"column":19},"end":{"line":10,"column":37}},"4":{"start":{"line":11,"column":23},"end":{"line":14,"column":8}},"5":{"start":{"line":15,"column":25},"end":{"line":15,"column":53}},"6":{"start":{"line":16,"column":25},"end":{"line":16,"column":54}},"7":{"start":{"line":17,"column":6},"end":{"line":17,"column":50}},"8":{"start":{"line":19,"column":6},"end":{"line":19,"column":69}},"9":{"start":{"line":24,"column":4},"end":{"line":31,"column":5}},"10":{"start":{"line":25,"column":22},"end":{"line":27,"column":8}},"11":{"start":{"line":28,"column":6},"end":{"line":28,"column":21}},"12":{"start":{"line":30,"column":6},"end":{"line":30,"column":68}},"13":{"start":{"line":35,"column":4},"end":{"line":40,"column":5}},"14":{"start":{"line":36,"column":25},"end":{"line":36,"column":57}},"15":{"start":{"line":37,"column":6},"end":{"line":37,"column":63}},"16":{"start":{"line":37,"column":40},"end":{"line":37,"column":61}},"17":{"start":{"line":39,"column":6},"end":{"line":39,"column":71}},"18":{"start":{"line":44,"column":4},"end":{"line":52,"column":5}},"19":{"start":{"line":45,"column":29},"end":{"line":48,"column":8}},"20":{"start":{"line":49,"column":6},"end":{"line":49,"column":28}},"21":{"start":{"line":51,"column":6},"end":{"line":51,"column":66}},"22":{"start":{"line":56,"column":4},"end":{"line":63,"column":5}},"23":{"start":{"line":57,"column":6},"end":{"line":59,"column":9}},"24":{"start":{"line":60,"column":6},"end":{"line":60,"column":18}},"25":{"start":{"line":62,"column":6},"end":{"line":62,"column":66}},"26":{"start":{"line":7,"column":0},"end":{"line":7,"column":13}},"27":{"start":{"line":67,"column":0},"end":{"line":67,"column":45}}},"fnMap":{"0":{"name":"(anonymous_0)","decl":{"start":{"line":8,"column":2},"end":{"line":8,"column":7}},"loc":{"start":{"line":8,"column":50},"end":{"line":21,"column":3}}},"1":{"name":"(anonymous_1)","decl":{"start":{"line":23,"column":2},"end":{"line":23,"column":7}},"loc":{"start":{"line":23,"column":40},"end":{"line":32,"column":3}}},"2":{"name":"(anonymous_2)","decl":{"start":{"line":34,"column":2},"end":{"line":34,"column":7}},"loc":{"start":{"line":34,"column":24},"end":{"line":41,"column":3}}},"3":{"name":"(anonymous_3)","decl":{"start":{"line":37,"column":28},"end":{"line":37,"column":36}},"loc":{"start":{"line":37,"column":40},"end":{"line":37,"column":61}}},"4":{"name":"(anonymous_4)","decl":{"start":{"line":43,"column":2},"end":{"line":43,"column":7}},"loc":{"start":{"line":43,"column":70},"end":{"line":53,"column":3}}},"5":{"name":"(anonymous_5)","decl":{"start":{"line":55,"column":2},"end":{"line":55,"column":7}},"loc":{"start":{"line":55,"column":39},"end":{"line":64,"column":3}}}},"branchMap":{},"s":{"0":1,"1":1,"2":0,"3":0,"4":0,"5":0,"6":0,"7":0,"8":0,"9":0,"10":0,"11":0,"12":0,"13":0,"14":0,"15":0,"16":0,"17":0,"18":0,"19":0,"20":0,"21":0,"22":0,"23":0,"24":0,"25":0,"26":1,"27":1},"f":{"0":0,"1":0,"2":0,"3":0,"4":0,"5":0},"b":{}}
,"C:\\Users\\Admin\\Documents\\NodeJS\\E-Shop\\Backend\\src\\presentation\\controllers\\cartController.ts": {"path":"C:\\Users\\Admin\\Documents\\NodeJS\\E-Shop\\Backend\\src\\presentation\\controllers\\cartController.ts","statementMap":{"0":{"start":{"line":2,"column":0},"end":{"line":2,"column":57}},"1":{"start":{"line":5,"column":13},"end":{"line":65,"column":2}},"2":{"start":{"line":8,"column":2},"end":{"line":21,"column":3}},"3":{"start":{"line":9,"column":30},"end":{"line":9,"column":33}},"4":{"start":{"line":10,"column":4},"end":{"line":13,"column":5}},"5":{"start":{"line":11,"column":6},"end":{"line":11,"column":64}},"6":{"start":{"line":12,"column":6},"end":{"line":12,"column":13}},"7":{"start":{"line":15,"column":19},"end":{"line":15,"column":39}},"8":{"start":{"line":16,"column":22},"end":{"line":16,"column":55}},"9":{"start":{"line":17,"column":4},"end":{"line":17,"column":24}},"10":{"start":{"line":19,"column":4},"end":{"line":19,"column":48}},"11":{"start":{"line":20,"column":4},"end":{"line":20,"column":66}},"12":{"start":{"line":26,"column":2},"end":{"line":40,"column":3}},"13":{"start":{"line":27,"column":30},"end":{"line":27,"column":33}},"14":{"start":{"line":28,"column":4},"end":{"line":31,"column":5}},"15":{"start":{"line":29,"column":6},"end":{"line":29,"column":64}},"16":{"start":{"line":30,"column":6},"end":{"line":30,"column":13}},"17":{"start":{"line":33,"column":19},"end":{"line":33,"column":39}},"18":{"start":{"line":34,"column":36},"end":{"line":34,"column":44}},"19":{"start":{"line":35,"column":21},"end":{"line":35,"column":77}},"20":{"start":{"line":36,"column":4},"end":{"line":36,"column":23}},"21":{"start":{"line":38,"column":4},"end":{"line":38,"column":50}},"22":{"start":{"line":39,"column":4},"end":{"line":39,"column":66}},"23":{"start":{"line":44,"column":34},"end":{"line":44,"column":42}},"24":{"start":{"line":45,"column":2},"end":{"line":51,"column":3}},"25":{"start":{"line":46,"column":28},"end":{"line":46,"column":81}},"26":{"start":{"line":47,"column":4},"end":{"line":47,"column":30}},"27":{"start":{"line":49,"column":4},"end":{"line":49,"column":54}},"28":{"start":{"line":50,"column":4},"end":{"line":50,"column":16}},"29":{"start":{"line":56,"column":26},"end":{"line":56,"column":34}},"30":{"start":{"line":57,"column":4},"end":{"line":63,"column":5}},"31":{"start":{"line":58,"column":6},"end":{"line":58,"column":50}},"32":{"start":{"line":59,"column":6},"end":{"line":59,"column":26}},"33":{"start":{"line":61,"column":6},"end":{"line":61,"column":56}},"34":{"start":{"line":62,"column":6},"end":{"line":62,"column":73}}},"fnMap":{"0":{"name":"(anonymous_1)","decl":{"start":{"line":7,"column":11},"end":{"line":7,"column":16}},"loc":{"start":{"line":7,"column":55},"end":{"line":22,"column":3}}},"1":{"name":"(anonymous_2)","decl":{"start":{"line":25,"column":12},"end":{"line":25,"column":17}},"loc":{"start":{"line":25,"column":56},"end":{"line":41,"column":3}}},"2":{"name":"(anonymous_3)","decl":{"start":{"line":43,"column":18},"end":{"line":43,"column":23}},"loc":{"start":{"line":43,"column":76},"end":{"line":52,"column":3}}},"3":{"name":"(anonymous_4)","decl":{"start":{"line":55,"column":18},"end":{"line":55,"column":23}},"loc":{"start":{"line":55,"column":56},"end":{"line":64,"column":3}}}},"branchMap":{"0":{"loc":{"start":{"line":10,"column":4},"end":{"line":13,"column":5}},"type":"if","locations":[{"start":{"line":10,"column":4},"end":{"line":13,"column":5}}]},"1":{"loc":{"start":{"line":28,"column":4},"end":{"line":31,"column":5}},"type":"if","locations":[{"start":{"line":28,"column":4},"end":{"line":31,"column":5}}]}},"s":{"0":1,"1":1,"2":3,"3":3,"4":3,"5":1,"6":1,"7":2,"8":2,"9":1,"10":1,"11":1,"12":3,"13":3,"14":3,"15":1,"16":1,"17":2,"18":2,"19":2,"20":1,"21":1,"22":1,"23":2,"24":2,"25":2,"26":1,"27":1,"28":1,"29":2,"30":2,"31":2,"32":1,"33":1,"34":1},"f":{"0":3,"1":3,"2":2,"3":2},"b":{"0":[1],"1":[1]}}
,"C:\\Users\\Admin\\Documents\\NodeJS\\E-Shop\\Backend\\src\\presentation\\controllers\\orderController.ts": {"path":"C:\\Users\\Admin\\Documents\\NodeJS\\E-Shop\\Backend\\src\\presentation\\controllers\\orderController.ts","statementMap":{"0":{"start":{"line":2,"column":0},"end":{"line":2,"column":58}},"1":{"start":{"line":6,"column":28},"end":{"line":6,"column":31}},"2":{"start":{"line":8,"column":2},"end":{"line":11,"column":3}},"3":{"start":{"line":9,"column":6},"end":{"line":9,"column":64}},"4":{"start":{"line":10,"column":6},"end":{"line":10,"column":13}},"5":{"start":{"line":13,"column":2},"end":{"line":23,"column":3}},"6":{"start":{"line":14,"column":23},"end":{"line":14,"column":36}},"7":{"start":{"line":15,"column":25},"end":{"line":15,"column":33}},"8":{"start":{"line":17,"column":19},"end":{"line":17,"column":67}},"9":{"start":{"line":18,"column":4},"end":{"line":18,"column":58}},"10":{"start":{"line":19,"column":4},"end":{"line":19,"column":40}},"11":{"start":{"line":21,"column":4},"end":{"line":21,"column":53}},"12":{"start":{"line":22,"column":4},"end":{"line":22,"column":16}},"13":{"start":{"line":66,"column":9},"end":{"line":66,"column":26}},"14":{"start":{"line":27,"column":28},"end":{"line":27,"column":31}},"15":{"start":{"line":29,"column":4},"end":{"line":32,"column":5}},"16":{"start":{"line":30,"column":6},"end":{"line":30,"column":64}},"17":{"start":{"line":31,"column":6},"end":{"line":31,"column":13}},"18":{"start":{"line":34,"column":2},"end":{"line":45,"column":3}},"19":{"start":{"line":35,"column":23},"end":{"line":35,"column":36}},"20":{"start":{"line":36,"column":20},"end":{"line":36,"column":52}},"21":{"start":{"line":37,"column":24},"end":{"line":37,"column":78}},"22":{"start":{"line":38,"column":4},"end":{"line":40,"column":5}},"23":{"start":{"line":39,"column":6},"end":{"line":39,"column":64}},"24":{"start":{"line":41,"column":4},"end":{"line":41,"column":45}},"25":{"start":{"line":43,"column":4},"end":{"line":43,"column":57}},"26":{"start":{"line":44,"column":4},"end":{"line":44,"column":16}},"27":{"start":{"line":66,"column":51},"end":{"line":66,"column":69}},"28":{"start":{"line":49,"column":28},"end":{"line":49,"column":31}},"29":{"start":{"line":51,"column":4},"end":{"line":54,"column":5}},"30":{"start":{"line":52,"column":6},"end":{"line":52,"column":64}},"31":{"start":{"line":53,"column":6},"end":{"line":53,"column":13}},"32":{"start":{"line":56,"column":2},"end":{"line":63,"column":3}},"33":{"start":{"line":57,"column":23},"end":{"line":57,"column":36}},"34":{"start":{"line":58,"column":28},"end":{"line":58,"column":73}},"35":{"start":{"line":59,"column":4},"end":{"line":59,"column":49}},"36":{"start":{"line":61,"column":4},"end":{"line":61,"column":61}},"37":{"start":{"line":62,"column":4},"end":{"line":62,"column":16}},"38":{"start":{"line":66,"column":28},"end":{"line":66,"column":49}}},"fnMap":{"0":{"name":"handleCreateOrder","decl":{"start":{"line":5,"column":15},"end":{"line":5,"column":32}},"loc":{"start":{"line":5,"column":86},"end":{"line":24,"column":1}}},"1":{"name":"handleGetOrderById","decl":{"start":{"line":26,"column":15},"end":{"line":26,"column":33}},"loc":{"start":{"line":26,"column":87},"end":{"line":46,"column":1}}},"2":{"name":"handlePurchaseHistory","decl":{"start":{"line":48,"column":15},"end":{"line":48,"column":36}},"loc":{"start":{"line":48,"column":90},"end":{"line":64,"column":1}}}},"branchMap":{"0":{"loc":{"start":{"line":8,"column":2},"end":{"line":11,"column":3}},"type":"if","locations":[{"start":{"line":8,"column":2},"end":{"line":11,"column":3}}]},"1":{"loc":{"start":{"line":29,"column":4},"end":{"line":32,"column":5}},"type":"if","locations":[{"start":{"line":29,"column":4},"end":{"line":32,"column":5}}]},"2":{"loc":{"start":{"line":38,"column":4},"end":{"line":40,"column":5}},"type":"if","locations":[{"start":{"line":38,"column":4},"end":{"line":40,"column":5}}]},"3":{"loc":{"start":{"line":51,"column":4},"end":{"line":54,"column":5}},"type":"if","locations":[{"start":{"line":51,"column":4},"end":{"line":54,"column":5}}]}},"s":{"0":1,"1":3,"2":3,"3":1,"4":1,"5":2,"6":2,"7":2,"8":2,"9":1,"10":1,"11":1,"12":1,"13":1,"14":4,"15":4,"16":1,"17":1,"18":3,"19":3,"20":3,"21":3,"22":2,"23":1,"24":1,"25":1,"26":1,"27":1,"28":3,"29":3,"30":1,"31":1,"32":2,"33":2,"34":2,"35":1,"36":1,"37":1,"38":1},"f":{"0":3,"1":4,"2":3},"b":{"0":[1],"1":[1],"2":[1],"3":[1]}}
,"C:\\Users\\Admin\\Documents\\NodeJS\\E-Shop\\Backend\\src\\presentation\\controllers\\productController.ts": {"path":"C:\\Users\\Admin\\Documents\\NodeJS\\E-Shop\\Backend\\src\\presentation\\controllers\\productController.ts","statementMap":{"0":{"start":{"line":2,"column":0},"end":{"line":2,"column":63}},"1":{"start":{"line":6,"column":4},"end":{"line":13,"column":5}},"2":{"start":{"line":7,"column":38},"end":{"line":7,"column":47}},"3":{"start":{"line":8,"column":23},"end":{"line":8,"column":87}},"4":{"start":{"line":9,"column":6},"end":{"line":9,"column":44}},"5":{"start":{"line":11,"column":6},"end":{"line":11,"column":57}},"6":{"start":{"line":12,"column":6},"end":{"line":12,"column":70}},"7":{"start":{"line":17,"column":22},"end":{"line":17,"column":49}},"8":{"start":{"line":19,"column":4},"end":{"line":21,"column":5}},"9":{"start":{"line":20,"column":6},"end":{"line":20,"column":67}},"10":{"start":{"line":23,"column":4},"end":{"line":34,"column":5}},"11":{"start":{"line":24,"column":22},"end":{"line":24,"column":68}},"12":{"start":{"line":26,"column":6},"end":{"line":28,"column":7}},"13":{"start":{"line":27,"column":8},"end":{"line":27,"column":68}},"14":{"start":{"line":30,"column":6},"end":{"line":30,"column":43}},"15":{"start":{"line":32,"column":6},"end":{"line":32,"column":62}},"16":{"start":{"line":33,"column":6},"end":{"line":33,"column":70}},"17":{"start":{"line":38,"column":4},"end":{"line":44,"column":5}},"18":{"start":{"line":39,"column":25},"end":{"line":39,"column":64}},"19":{"start":{"line":40,"column":6},"end":{"line":40,"column":46}},"20":{"start":{"line":42,"column":6},"end":{"line":42,"column":59}},"21":{"start":{"line":43,"column":6},"end":{"line":43,"column":70}},"22":{"start":{"line":48,"column":4},"end":{"line":61,"column":5}},"23":{"start":{"line":49,"column":24},"end":{"line":49,"column":58}},"24":{"start":{"line":51,"column":29},"end":{"line":51,"column":84}},"25":{"start":{"line":53,"column":6},"end":{"line":55,"column":7}},"26":{"start":{"line":54,"column":8},"end":{"line":54,"column":68}},"27":{"start":{"line":57,"column":6},"end":{"line":57,"column":50}},"28":{"start":{"line":59,"column":6},"end":{"line":59,"column":54}},"29":{"start":{"line":60,"column":6},"end":{"line":60,"column":70}},"30":{"start":{"line":65,"column":4},"end":{"line":78,"column":5}},"31":{"start":{"line":66,"column":24},"end":{"line":66,"column":58}},"32":{"start":{"line":68,"column":29},"end":{"line":68,"column":74}},"33":{"start":{"line":70,"column":6},"end":{"line":72,"column":7}},"34":{"start":{"line":71,"column":8},"end":{"line":71,"column":68}},"35":{"start":{"line":74,"column":6},"end":{"line":74,"column":50}},"36":{"start":{"line":76,"column":6},"end":{"line":76,"column":54}},"37":{"start":{"line":77,"column":6},"end":{"line":77,"column":70}},"38":{"start":{"line":82,"column":0},"end":{"line":82,"column":39}}},"fnMap":{"0":{"name":"(anonymous_1)","decl":{"start":{"line":5,"column":2},"end":{"line":5,"column":7}},"loc":{"start":{"line":5,"column":50},"end":{"line":14,"column":3}}},"1":{"name":"(anonymous_2)","decl":{"start":{"line":16,"column":2},"end":{"line":16,"column":7}},"loc":{"start":{"line":16,"column":50},"end":{"line":35,"column":3}}},"2":{"name":"(anonymous_3)","decl":{"start":{"line":37,"column":2},"end":{"line":37,"column":7}},"loc":{"start":{"line":37,"column":52},"end":{"line":45,"column":3}}},"3":{"name":"(anonymous_4)","decl":{"start":{"line":47,"column":2},"end":{"line":47,"column":7}},"loc":{"start":{"line":47,"column":49},"end":{"line":62,"column":3}}},"4":{"name":"(anonymous_5)","decl":{"start":{"line":64,"column":2},"end":{"line":64,"column":7}},"loc":{"start":{"line":64,"column":49},"end":{"line":79,"column":3}}}},"branchMap":{"0":{"loc":{"start":{"line":7,"column":14},"end":{"line":7,"column":22}},"type":"default-arg","locations":[{"start":{"line":7,"column":21},"end":{"line":7,"column":22}}]},"1":{"loc":{"start":{"line":7,"column":24},"end":{"line":7,"column":33}},"type":"default-arg","locations":[{"start":{"line":7,"column":32},"end":{"line":7,"column":33}}]},"2":{"loc":{"start":{"line":19,"column":4},"end":{"line":21,"column":5}},"type":"if","locations":[{"start":{"line":19,"column":4},"end":{"line":21,"column":5}}]},"3":{"loc":{"start":{"line":19,"column":8},"end":{"line":19,"column":42}},"type":"binary-expr","locations":[{"start":{"line":19,"column":8},"end":{"line":19,"column":24}},{"start":{"line":19,"column":28},"end":{"line":19,"column":42}}]},"4":{"loc":{"start":{"line":26,"column":6},"end":{"line":28,"column":7}},"type":"if","locations":[{"start":{"line":26,"column":6},"end":{"line":28,"column":7}}]},"5":{"loc":{"start":{"line":53,"column":6},"end":{"line":55,"column":7}},"type":"if","locations":[{"start":{"line":53,"column":6},"end":{"line":55,"column":7}}]},"6":{"loc":{"start":{"line":70,"column":6},"end":{"line":72,"column":7}},"type":"if","locations":[{"start":{"line":70,"column":6},"end":{"line":72,"column":7}}]}},"s":{"0":1,"1":2,"2":2,"3":2,"4":1,"5":1,"6":1,"7":4,"8":4,"9":1,"10":3,"11":3,"12":2,"13":1,"14":1,"15":1,"16":1,"17":2,"18":2,"19":1,"20":1,"21":1,"22":3,"23":3,"24":3,"25":2,"26":1,"27":1,"28":1,"29":1,"30":3,"31":3,"32":3,"33":2,"34":1,"35":1,"36":1,"37":1,"38":1},"f":{"0":2,"1":4,"2":2,"3":3,"4":3},"b":{"0":[0],"1":[0],"2":[1],"3":[4,3],"4":[1],"5":[1],"6":[1]}}
,"C:\\Users\\Admin\\Documents\\NodeJS\\E-Shop\\Backend\\src\\presentation\\middlewares\\authMiddleware.ts": {"path":"C:\\Users\\Admin\\Documents\\NodeJS\\E-Shop\\Backend\\src\\presentation\\middlewares\\authMiddleware.ts","statementMap":{"0":{"start":{"line":3,"column":0},"end":{"line":3,"column":59}},"1":{"start":{"line":4,"column":0},"end":{"line":4,"column":46}},"2":{"start":{"line":6,"column":15},"end":{"line":6,"column":33}},"3":{"start":{"line":7,"column":21},"end":{"line":49,"column":1}},"4":{"start":{"line":12,"column":30},"end":{"line":12,"column":55}},"5":{"start":{"line":14,"column":2},"end":{"line":18,"column":3}},"6":{"start":{"line":15,"column":4},"end":{"line":17,"column":70}},"7":{"start":{"line":20,"column":16},"end":{"line":20,"column":49}},"8":{"start":{"line":22,"column":2},"end":{"line":48,"column":3}},"9":{"start":{"line":23,"column":25},"end":{"line":23,"column":72}},"10":{"start":{"line":24,"column":4},"end":{"line":24,"column":28}},"11":{"start":{"line":27,"column":16},"end":{"line":27,"column":32}},"12":{"start":{"line":28,"column":26},"end":{"line":32,"column":6}},"13":{"start":{"line":34,"column":4},"end":{"line":36,"column":5}},"14":{"start":{"line":35,"column":6},"end":{"line":35,"column":40}},"15":{"start":{"line":39,"column":4},"end":{"line":41,"column":5}},"16":{"start":{"line":40,"column":6},"end":{"line":40,"column":78}},"17":{"start":{"line":43,"column":4},"end":{"line":43,"column":38}},"18":{"start":{"line":44,"column":4},"end":{"line":44,"column":11}},"19":{"start":{"line":46,"column":4},"end":{"line":46,"column":60}},"20":{"start":{"line":47,"column":4},"end":{"line":47,"column":72}},"21":{"start":{"line":51,"column":0},"end":{"line":51,"column":28}}},"fnMap":{"0":{"name":"(anonymous_0)","decl":{"start":{"line":7,"column":21},"end":{"line":7,"column":26}},"loc":{"start":{"line":11,"column":4},"end":{"line":49,"column":1}}}},"branchMap":{"0":{"loc":{"start":{"line":14,"column":2},"end":{"line":18,"column":3}},"type":"if","locations":[{"start":{"line":14,"column":2},"end":{"line":18,"column":3}}]},"1":{"loc":{"start":{"line":34,"column":4},"end":{"line":36,"column":5}},"type":"if","locations":[{"start":{"line":34,"column":4},"end":{"line":36,"column":5}}]},"2":{"loc":{"start":{"line":39,"column":4},"end":{"line":41,"column":5}},"type":"if","locations":[{"start":{"line":39,"column":4},"end":{"line":41,"column":5}}]}},"s":{"0":1,"1":1,"2":1,"3":1,"4":1,"5":1,"6":1,"7":0,"8":0,"9":0,"10":0,"11":0,"12":0,"13":0,"14":0,"15":0,"16":0,"17":0,"18":0,"19":0,"20":0,"21":1},"f":{"0":1},"b":{"0":[1],"1":[0],"2":[0]}}
}
