{"C:\\Users\\Admin\\Documents\\NodeJS\\E-Shop\\Backend\\src\\application\\cartServices.ts": {"path":"C:\\Users\\Admin\\Documents\\NodeJS\\E-Shop\\Backend\\src\\application\\cartServices.ts","statementMap":{"0":{"start":{"line":2,"column":0},"end":{"line":2,"column":78}},"1":{"start":{"line":6,"column":4},"end":{"line":6,"column":48}},"2":{"start":{"line":10,"column":4},"end":{"line":10,"column":71}},"3":{"start":{"line":14,"column":4},"end":{"line":14,"column":68}},"4":{"start":{"line":18,"column":4},"end":{"line":18,"column":58}},"5":{"start":{"line":4,"column":0},"end":{"line":4,"column":13}},"6":{"start":{"line":22,"column":0},"end":{"line":22,"column":27}}},"fnMap":{"0":{"name":"(anonymous_0)","decl":{"start":{"line":5,"column":2},"end":{"line":5,"column":8}},"loc":{"start":{"line":5,"column":92},"end":{"line":7,"column":3}}},"1":{"name":"(anonymous_1)","decl":{"start":{"line":9,"column":2},"end":{"line":9,"column":8}},"loc":{"start":{"line":9,"column":131},"end":{"line":11,"column":3}}},"2":{"name":"(anonymous_2)","decl":{"start":{"line":13,"column":2},"end":{"line":13,"column":8}},"loc":{"start":{"line":13,"column":120},"end":{"line":15,"column":3}}},"3":{"name":"(anonymous_3)","decl":{"start":{"line":17,"column":2},"end":{"line":17,"column":8}},"loc":{"start":{"line":17,"column":102},"end":{"line":19,"column":3}}}},"branchMap":{"0":{"loc":{"start":{"line":5,"column":39},"end":{"line":5,"column":92}},"type":"default-arg","locations":[{"start":{"line":5,"column":72},"end":{"line":5,"column":92}}]},"1":{"loc":{"start":{"line":9,"column":78},"end":{"line":9,"column":131}},"type":"default-arg","locations":[{"start":{"line":9,"column":111},"end":{"line":9,"column":131}}]},"2":{"loc":{"start":{"line":13,"column":67},"end":{"line":13,"column":120}},"type":"default-arg","locations":[{"start":{"line":13,"column":100},"end":{"line":13,"column":120}}]},"3":{"loc":{"start":{"line":17,"column":49},"end":{"line":17,"column":102}},"type":"default-arg","locations":[{"start":{"line":17,"column":82},"end":{"line":17,"column":102}}]}},"s":{"0":2,"1":1,"2":1,"3":1,"4":1,"5":2,"6":2},"f":{"0":1,"1":1,"2":1,"3":1},"b":{"0":[0],"1":[0],"2":[0],"3":[0]}}
,"C:\\Users\\Admin\\Documents\\NodeJS\\E-Shop\\Backend\\src\\application\\productServices.ts": {"path":"C:\\Users\\Admin\\Documents\\NodeJS\\E-Shop\\Backend\\src\\application\\productServices.ts","statementMap":{"0":{"start":{"line":1,"column":0},"end":{"line":1,"column":84}},"1":{"start":{"line":5,"column":31},"end":{"line":5,"column":73}},"2":{"start":{"line":8,"column":4},"end":{"line":8,"column":68}},"3":{"start":{"line":12,"column":4},"end":{"line":12,"column":66}},"4":{"start":{"line":16,"column":4},"end":{"line":16,"column":59}},"5":{"start":{"line":20,"column":4},"end":{"line":20,"column":78}},"6":{"start":{"line":24,"column":4},"end":{"line":24,"column":65}},"7":{"start":{"line":4,"column":0},"end":{"line":4,"column":13}},"8":{"start":{"line":28,"column":23},"end":{"line":28,"column":72}},"9":{"start":{"line":30,"column":0},"end":{"line":30,"column":30}}},"fnMap":{"0":{"name":"(anonymous_0)","decl":{"start":{"line":5,"column":2},"end":{"line":5,"column":31}},"loc":{"start":{"line":5,"column":73},"end":{"line":5,"column":77}}},"1":{"name":"(anonymous_1)","decl":{"start":{"line":7,"column":2},"end":{"line":7,"column":7}},"loc":{"start":{"line":7,"column":50},"end":{"line":9,"column":3}}},"2":{"name":"(anonymous_2)","decl":{"start":{"line":11,"column":2},"end":{"line":11,"column":7}},"loc":{"start":{"line":11,"column":40},"end":{"line":13,"column":3}}},"3":{"name":"(anonymous_3)","decl":{"start":{"line":15,"column":2},"end":{"line":15,"column":7}},"loc":{"start":{"line":15,"column":24},"end":{"line":17,"column":3}}},"4":{"name":"(anonymous_4)","decl":{"start":{"line":19,"column":2},"end":{"line":19,"column":7}},"loc":{"start":{"line":19,"column":70},"end":{"line":21,"column":3}}},"5":{"name":"(anonymous_5)","decl":{"start":{"line":23,"column":2},"end":{"line":23,"column":7}},"loc":{"start":{"line":23,"column":39},"end":{"line":25,"column":3}}}},"branchMap":{},"s":{"0":1,"1":1,"2":0,"3":0,"4":0,"5":0,"6":0,"7":1,"8":1,"9":1},"f":{"0":1,"1":0,"2":0,"3":0,"4":0,"5":0},"b":{}}
,"C:\\Users\\Admin\\Documents\\NodeJS\\E-Shop\\Backend\\src\\application\\userServices.ts": {"path":"C:\\Users\\Admin\\Documents\\NodeJS\\E-Shop\\Backend\\src\\application\\userServices.ts","statementMap":{"0":{"start":{"line":4,"column":0},"end":{"line":4,"column":68}},"1":{"start":{"line":7,"column":31},"end":{"line":7,"column":61}},"2":{"start":{"line":10,"column":4},"end":{"line":16,"column":5}},"3":{"start":{"line":11,"column":19},"end":{"line":11,"column":67}},"4":{"start":{"line":12,"column":6},"end":{"line":12,"column":18}},"5":{"start":{"line":14,"column":6},"end":{"line":14,"column":56}},"6":{"start":{"line":15,"column":6},"end":{"line":15,"column":50}},"7":{"start":{"line":20,"column":20},"end":{"line":20,"column":51}},"8":{"start":{"line":22,"column":0},"end":{"line":22,"column":27}}},"fnMap":{"0":{"name":"(anonymous_1)","decl":{"start":{"line":7,"column":2},"end":{"line":7,"column":31}},"loc":{"start":{"line":7,"column":61},"end":{"line":7,"column":65}}},"1":{"name":"(anonymous_2)","decl":{"start":{"line":9,"column":2},"end":{"line":9,"column":7}},"loc":{"start":{"line":9,"column":39},"end":{"line":17,"column":3}}}},"branchMap":{},"s":{"0":1,"1":1,"2":0,"3":0,"4":0,"5":0,"6":0,"7":1,"8":1},"f":{"0":1,"1":0},"b":{}}
,"C:\\Users\\Admin\\Documents\\NodeJS\\E-Shop\\Backend\\src\\config\\firebaseAdmin.ts": {"path":"C:\\Users\\Admin\\Documents\\NodeJS\\E-Shop\\Backend\\src\\config\\firebaseAdmin.ts","statementMap":{"0":{"start":{"line":1,"column":0},"end":{"line":1,"column":40}},"1":{"start":{"line":2,"column":0},"end":{"line":2,"column":54}},"2":{"start":{"line":4,"column":20},"end":{"line":6,"column":2}},"3":{"start":{"line":8,"column":37},"end":{"line":8,"column":69}},"4":{"start":{"line":10,"column":9},"end":{"line":10,"column":22}}},"fnMap":{},"branchMap":{},"s":{"0":1,"1":1,"2":1,"3":1,"4":1},"f":{},"b":{}}
,"C:\\Users\\Admin\\Documents\\NodeJS\\E-Shop\\Backend\\src\\infrastructure\\PrismaCartRepository.ts": {"path":"C:\\Users\\Admin\\Documents\\NodeJS\\E-Shop\\Backend\\src\\infrastructure\\PrismaCartRepository.ts","statementMap":{"0":{"start":{"line":1,"column":0},"end":{"line":1,"column":46}},"1":{"start":{"line":4,"column":15},"end":{"line":4,"column":33}},"2":{"start":{"line":6,"column":13},"end":{"line":112,"column":2}},"3":{"start":{"line":8,"column":4},"end":{"line":32,"column":3}},"4":{"start":{"line":9,"column":25},"end":{"line":11,"column":6}},"5":{"start":{"line":13,"column":4},"end":{"line":16,"column":5}},"6":{"start":{"line":15,"column":6},"end":{"line":15,"column":72}},"7":{"start":{"line":18,"column":22},"end":{"line":21,"column":6}},"8":{"start":{"line":24,"column":4},"end":{"line":26,"column":5}},"9":{"start":{"line":25,"column":6},"end":{"line":25,"column":72}},"10":{"start":{"line":28,"column":4},"end":{"line":28,"column":85}},"11":{"start":{"line":30,"column":4},"end":{"line":30,"column":49}},"12":{"start":{"line":31,"column":4},"end":{"line":31,"column":50}},"13":{"start":{"line":36,"column":4},"end":{"line":71,"column":5}},"14":{"start":{"line":37,"column":25},"end":{"line":40,"column":8}},"15":{"start":{"line":42,"column":6},"end":{"line":47,"column":7}},"16":{"start":{"line":43,"column":8},"end":{"line":46,"column":11}},"17":{"start":{"line":49,"column":31},"end":{"line":49,"column":95}},"18":{"start":{"line":49,"column":66},"end":{"line":49,"column":94}},"19":{"start":{"line":51,"column":6},"end":{"line":60,"column":7}},"20":{"start":{"line":52,"column":8},"end":{"line":55,"column":11}},"21":{"start":{"line":57,"column":8},"end":{"line":59,"column":11}},"22":{"start":{"line":62,"column":26},"end":{"line":65,"column":8}},"23":{"start":{"line":67,"column":6},"end":{"line":67,"column":25}},"24":{"start":{"line":69,"column":6},"end":{"line":69,"column":57}},"25":{"start":{"line":70,"column":6},"end":{"line":70,"column":53}},"26":{"start":{"line":75,"column":4},"end":{"line":93,"column":5}},"27":{"start":{"line":76,"column":23},"end":{"line":78,"column":8}},"28":{"start":{"line":80,"column":6},"end":{"line":82,"column":7}},"29":{"start":{"line":81,"column":8},"end":{"line":81,"column":47}},"30":{"start":{"line":84,"column":30},"end":{"line":87,"column":8}},"31":{"start":{"line":89,"column":6},"end":{"line":89,"column":29}},"32":{"start":{"line":91,"column":6},"end":{"line":91,"column":56}},"33":{"start":{"line":92,"column":6},"end":{"line":92,"column":52}},"34":{"start":{"line":97,"column":4},"end":{"line":110,"column":5}},"35":{"start":{"line":98,"column":23},"end":{"line":100,"column":8}},"36":{"start":{"line":102,"column":6},"end":{"line":104,"column":7}},"37":{"start":{"line":103,"column":8},"end":{"line":103,"column":47}},"38":{"start":{"line":106,"column":6},"end":{"line":106,"column":83}},"39":{"start":{"line":108,"column":6},"end":{"line":108,"column":56}},"40":{"start":{"line":109,"column":6},"end":{"line":109,"column":57}}},"fnMap":{"0":{"name":"(anonymous_0)","decl":{"start":{"line":7,"column":2},"end":{"line":7,"column":7}},"loc":{"start":{"line":7,"column":30},"end":{"line":33,"column":3}}},"1":{"name":"(anonymous_1)","decl":{"start":{"line":35,"column":2},"end":{"line":35,"column":7}},"loc":{"start":{"line":35,"column":69},"end":{"line":72,"column":3}}},"2":{"name":"(anonymous_2)","decl":{"start":{"line":49,"column":58},"end":{"line":49,"column":62}},"loc":{"start":{"line":49,"column":66},"end":{"line":49,"column":94}}},"3":{"name":"(anonymous_3)","decl":{"start":{"line":74,"column":2},"end":{"line":74,"column":7}},"loc":{"start":{"line":74,"column":58},"end":{"line":94,"column":3}}},"4":{"name":"(anonymous_4)","decl":{"start":{"line":96,"column":2},"end":{"line":96,"column":7}},"loc":{"start":{"line":96,"column":40},"end":{"line":111,"column":3}}}},"branchMap":{"0":{"loc":{"start":{"line":13,"column":4},"end":{"line":16,"column":5}},"type":"if","locations":[{"start":{"line":13,"column":4},"end":{"line":16,"column":5}}]},"1":{"loc":{"start":{"line":24,"column":4},"end":{"line":26,"column":5}},"type":"if","locations":[{"start":{"line":24,"column":4},"end":{"line":26,"column":5}}]},"2":{"loc":{"start":{"line":42,"column":6},"end":{"line":47,"column":7}},"type":"if","locations":[{"start":{"line":42,"column":6},"end":{"line":47,"column":7}}]},"3":{"loc":{"start":{"line":51,"column":6},"end":{"line":60,"column":7}},"type":"if","locations":[{"start":{"line":51,"column":6},"end":{"line":60,"column":7}},{"start":{"line":56,"column":13},"end":{"line":60,"column":7}}]},"4":{"loc":{"start":{"line":80,"column":6},"end":{"line":82,"column":7}},"type":"if","locations":[{"start":{"line":80,"column":6},"end":{"line":82,"column":7}}]},"5":{"loc":{"start":{"line":102,"column":6},"end":{"line":104,"column":7}},"type":"if","locations":[{"start":{"line":102,"column":6},"end":{"line":104,"column":7}}]}},"s":{"0":2,"1":2,"2":2,"3":1,"4":1,"5":1,"6":0,"7":1,"8":1,"9":1,"10":0,"11":0,"12":0,"13":1,"14":1,"15":1,"16":0,"17":1,"18":0,"19":1,"20":0,"21":1,"22":0,"23":0,"24":1,"25":1,"26":1,"27":1,"28":1,"29":1,"30":0,"31":0,"32":1,"33":1,"34":1,"35":1,"36":1,"37":1,"38":0,"39":1,"40":1},"f":{"0":1,"1":1,"2":0,"3":1,"4":1},"b":{"0":[0],"1":[1],"2":[0],"3":[0,1],"4":[1],"5":[1]}}
,"C:\\Users\\Admin\\Documents\\NodeJS\\E-Shop\\Backend\\src\\infrastructure\\PrismaProductRepository.ts": {"path":"C:\\Users\\Admin\\Documents\\NodeJS\\E-Shop\\Backend\\src\\infrastructure\\PrismaProductRepository.ts","statementMap":{"0":{"start":{"line":1,"column":0},"end":{"line":1,"column":46}},"1":{"start":{"line":5,"column":15},"end":{"line":5,"column":33}},"2":{"start":{"line":9,"column":4},"end":{"line":20,"column":5}},"3":{"start":{"line":10,"column":19},"end":{"line":10,"column":37}},"4":{"start":{"line":11,"column":23},"end":{"line":14,"column":8}},"5":{"start":{"line":15,"column":25},"end":{"line":15,"column":53}},"6":{"start":{"line":16,"column":25},"end":{"line":16,"column":54}},"7":{"start":{"line":17,"column":6},"end":{"line":17,"column":50}},"8":{"start":{"line":19,"column":6},"end":{"line":19,"column":69}},"9":{"start":{"line":24,"column":4},"end":{"line":31,"column":5}},"10":{"start":{"line":25,"column":22},"end":{"line":27,"column":8}},"11":{"start":{"line":28,"column":6},"end":{"line":28,"column":21}},"12":{"start":{"line":30,"column":6},"end":{"line":30,"column":68}},"13":{"start":{"line":35,"column":4},"end":{"line":40,"column":5}},"14":{"start":{"line":36,"column":25},"end":{"line":36,"column":57}},"15":{"start":{"line":37,"column":6},"end":{"line":37,"column":63}},"16":{"start":{"line":37,"column":40},"end":{"line":37,"column":61}},"17":{"start":{"line":39,"column":6},"end":{"line":39,"column":71}},"18":{"start":{"line":44,"column":4},"end":{"line":52,"column":5}},"19":{"start":{"line":45,"column":29},"end":{"line":48,"column":8}},"20":{"start":{"line":49,"column":6},"end":{"line":49,"column":28}},"21":{"start":{"line":51,"column":6},"end":{"line":51,"column":66}},"22":{"start":{"line":56,"column":4},"end":{"line":63,"column":5}},"23":{"start":{"line":57,"column":6},"end":{"line":59,"column":9}},"24":{"start":{"line":60,"column":6},"end":{"line":60,"column":18}},"25":{"start":{"line":62,"column":6},"end":{"line":62,"column":66}},"26":{"start":{"line":7,"column":0},"end":{"line":7,"column":13}},"27":{"start":{"line":67,"column":0},"end":{"line":67,"column":45}}},"fnMap":{"0":{"name":"(anonymous_0)","decl":{"start":{"line":8,"column":2},"end":{"line":8,"column":7}},"loc":{"start":{"line":8,"column":50},"end":{"line":21,"column":3}}},"1":{"name":"(anonymous_1)","decl":{"start":{"line":23,"column":2},"end":{"line":23,"column":7}},"loc":{"start":{"line":23,"column":40},"end":{"line":32,"column":3}}},"2":{"name":"(anonymous_2)","decl":{"start":{"line":34,"column":2},"end":{"line":34,"column":7}},"loc":{"start":{"line":34,"column":24},"end":{"line":41,"column":3}}},"3":{"name":"(anonymous_3)","decl":{"start":{"line":37,"column":28},"end":{"line":37,"column":36}},"loc":{"start":{"line":37,"column":40},"end":{"line":37,"column":61}}},"4":{"name":"(anonymous_4)","decl":{"start":{"line":43,"column":2},"end":{"line":43,"column":7}},"loc":{"start":{"line":43,"column":70},"end":{"line":53,"column":3}}},"5":{"name":"(anonymous_5)","decl":{"start":{"line":55,"column":2},"end":{"line":55,"column":7}},"loc":{"start":{"line":55,"column":39},"end":{"line":64,"column":3}}}},"branchMap":{},"s":{"0":1,"1":1,"2":0,"3":0,"4":0,"5":0,"6":0,"7":0,"8":0,"9":0,"10":0,"11":0,"12":0,"13":0,"14":0,"15":0,"16":0,"17":0,"18":0,"19":0,"20":0,"21":0,"22":0,"23":0,"24":0,"25":0,"26":1,"27":1},"f":{"0":0,"1":0,"2":0,"3":0,"4":0,"5":0},"b":{}}
,"C:\\Users\\Admin\\Documents\\NodeJS\\E-Shop\\Backend\\src\\infrastructure\\PrismaUserRepository.ts": {"path":"C:\\Users\\Admin\\Documents\\NodeJS\\E-Shop\\Backend\\src\\infrastructure\\PrismaUserRepository.ts","statementMap":{"0":{"start":{"line":1,"column":0},"end":{"line":1,"column":46}},"1":{"start":{"line":4,"column":0},"end":{"line":4,"column":56}},"2":{"start":{"line":7,"column":15},"end":{"line":7,"column":33}},"3":{"start":{"line":11,"column":4},"end":{"line":51,"column":5}},"4":{"start":{"line":19,"column":10},"end":{"line":19,"column":18}},"5":{"start":{"line":21,"column":55},"end":{"line":21,"column":62}},"6":{"start":{"line":23,"column":27},"end":{"line":26,"column":8}},"7":{"start":{"line":28,"column":19},"end":{"line":45,"column":8}},"8":{"start":{"line":47,"column":6},"end":{"line":47,"column":18}},"9":{"start":{"line":49,"column":6},"end":{"line":49,"column":56}},"10":{"start":{"line":50,"column":6},"end":{"line":50,"column":50}},"11":{"start":{"line":55,"column":0},"end":{"line":55,"column":42}}},"fnMap":{"0":{"name":"(anonymous_0)","decl":{"start":{"line":10,"column":2},"end":{"line":10,"column":7}},"loc":{"start":{"line":10,"column":39},"end":{"line":52,"column":3}}}},"branchMap":{},"s":{"0":1,"1":1,"2":1,"3":0,"4":0,"5":0,"6":0,"7":0,"8":0,"9":0,"10":0,"11":1},"f":{"0":0},"b":{}}
,"C:\\Users\\Admin\\Documents\\NodeJS\\E-Shop\\Backend\\src\\presentation\\controllers\\cartController.ts": {"path":"C:\\Users\\Admin\\Documents\\NodeJS\\E-Shop\\Backend\\src\\presentation\\controllers\\cartController.ts","statementMap":{"0":{"start":{"line":2,"column":0},"end":{"line":2,"column":57}},"1":{"start":{"line":5,"column":13},"end":{"line":65,"column":2}},"2":{"start":{"line":8,"column":2},"end":{"line":21,"column":3}},"3":{"start":{"line":9,"column":30},"end":{"line":9,"column":33}},"4":{"start":{"line":10,"column":4},"end":{"line":13,"column":5}},"5":{"start":{"line":11,"column":6},"end":{"line":11,"column":64}},"6":{"start":{"line":12,"column":6},"end":{"line":12,"column":13}},"7":{"start":{"line":15,"column":19},"end":{"line":15,"column":39}},"8":{"start":{"line":16,"column":22},"end":{"line":16,"column":55}},"9":{"start":{"line":17,"column":4},"end":{"line":17,"column":24}},"10":{"start":{"line":19,"column":4},"end":{"line":19,"column":48}},"11":{"start":{"line":20,"column":4},"end":{"line":20,"column":66}},"12":{"start":{"line":26,"column":2},"end":{"line":40,"column":3}},"13":{"start":{"line":27,"column":30},"end":{"line":27,"column":33}},"14":{"start":{"line":28,"column":4},"end":{"line":31,"column":5}},"15":{"start":{"line":29,"column":6},"end":{"line":29,"column":64}},"16":{"start":{"line":30,"column":6},"end":{"line":30,"column":13}},"17":{"start":{"line":33,"column":19},"end":{"line":33,"column":39}},"18":{"start":{"line":34,"column":36},"end":{"line":34,"column":44}},"19":{"start":{"line":35,"column":21},"end":{"line":35,"column":77}},"20":{"start":{"line":36,"column":4},"end":{"line":36,"column":23}},"21":{"start":{"line":38,"column":4},"end":{"line":38,"column":50}},"22":{"start":{"line":39,"column":4},"end":{"line":39,"column":66}},"23":{"start":{"line":44,"column":34},"end":{"line":44,"column":42}},"24":{"start":{"line":45,"column":2},"end":{"line":51,"column":3}},"25":{"start":{"line":46,"column":28},"end":{"line":46,"column":81}},"26":{"start":{"line":47,"column":4},"end":{"line":47,"column":30}},"27":{"start":{"line":49,"column":4},"end":{"line":49,"column":54}},"28":{"start":{"line":50,"column":4},"end":{"line":50,"column":16}},"29":{"start":{"line":56,"column":26},"end":{"line":56,"column":34}},"30":{"start":{"line":57,"column":4},"end":{"line":63,"column":5}},"31":{"start":{"line":58,"column":6},"end":{"line":58,"column":50}},"32":{"start":{"line":59,"column":6},"end":{"line":59,"column":26}},"33":{"start":{"line":61,"column":6},"end":{"line":61,"column":56}},"34":{"start":{"line":62,"column":6},"end":{"line":62,"column":73}}},"fnMap":{"0":{"name":"(anonymous_1)","decl":{"start":{"line":7,"column":11},"end":{"line":7,"column":16}},"loc":{"start":{"line":7,"column":55},"end":{"line":22,"column":3}}},"1":{"name":"(anonymous_2)","decl":{"start":{"line":25,"column":12},"end":{"line":25,"column":17}},"loc":{"start":{"line":25,"column":56},"end":{"line":41,"column":3}}},"2":{"name":"(anonymous_3)","decl":{"start":{"line":43,"column":18},"end":{"line":43,"column":23}},"loc":{"start":{"line":43,"column":76},"end":{"line":52,"column":3}}},"3":{"name":"(anonymous_4)","decl":{"start":{"line":55,"column":18},"end":{"line":55,"column":23}},"loc":{"start":{"line":55,"column":56},"end":{"line":64,"column":3}}}},"branchMap":{"0":{"loc":{"start":{"line":10,"column":4},"end":{"line":13,"column":5}},"type":"if","locations":[{"start":{"line":10,"column":4},"end":{"line":13,"column":5}}]},"1":{"loc":{"start":{"line":28,"column":4},"end":{"line":31,"column":5}},"type":"if","locations":[{"start":{"line":28,"column":4},"end":{"line":31,"column":5}}]}},"s":{"0":1,"1":1,"2":3,"3":3,"4":3,"5":1,"6":1,"7":2,"8":2,"9":1,"10":1,"11":1,"12":3,"13":3,"14":3,"15":1,"16":1,"17":2,"18":2,"19":2,"20":1,"21":1,"22":1,"23":2,"24":2,"25":2,"26":1,"27":1,"28":1,"29":2,"30":2,"31":2,"32":1,"33":1,"34":1},"f":{"0":3,"1":3,"2":2,"3":2},"b":{"0":[1],"1":[1]}}
,"C:\\Users\\Admin\\Documents\\NodeJS\\E-Shop\\Backend\\src\\presentation\\controllers\\productController.ts": {"path":"C:\\Users\\Admin\\Documents\\NodeJS\\E-Shop\\Backend\\src\\presentation\\controllers\\productController.ts","statementMap":{"0":{"start":{"line":2,"column":0},"end":{"line":2,"column":63}},"1":{"start":{"line":6,"column":4},"end":{"line":13,"column":5}},"2":{"start":{"line":7,"column":38},"end":{"line":7,"column":47}},"3":{"start":{"line":8,"column":23},"end":{"line":8,"column":87}},"4":{"start":{"line":9,"column":6},"end":{"line":9,"column":44}},"5":{"start":{"line":11,"column":6},"end":{"line":11,"column":57}},"6":{"start":{"line":12,"column":6},"end":{"line":12,"column":70}},"7":{"start":{"line":17,"column":22},"end":{"line":17,"column":49}},"8":{"start":{"line":19,"column":4},"end":{"line":21,"column":5}},"9":{"start":{"line":20,"column":6},"end":{"line":20,"column":67}},"10":{"start":{"line":23,"column":4},"end":{"line":34,"column":5}},"11":{"start":{"line":24,"column":22},"end":{"line":24,"column":68}},"12":{"start":{"line":26,"column":6},"end":{"line":28,"column":7}},"13":{"start":{"line":27,"column":8},"end":{"line":27,"column":68}},"14":{"start":{"line":30,"column":6},"end":{"line":30,"column":43}},"15":{"start":{"line":32,"column":6},"end":{"line":32,"column":62}},"16":{"start":{"line":33,"column":6},"end":{"line":33,"column":70}},"17":{"start":{"line":38,"column":4},"end":{"line":44,"column":5}},"18":{"start":{"line":39,"column":25},"end":{"line":39,"column":64}},"19":{"start":{"line":40,"column":6},"end":{"line":40,"column":46}},"20":{"start":{"line":42,"column":6},"end":{"line":42,"column":59}},"21":{"start":{"line":43,"column":6},"end":{"line":43,"column":70}},"22":{"start":{"line":48,"column":4},"end":{"line":61,"column":5}},"23":{"start":{"line":49,"column":24},"end":{"line":49,"column":58}},"24":{"start":{"line":51,"column":29},"end":{"line":51,"column":84}},"25":{"start":{"line":53,"column":6},"end":{"line":55,"column":7}},"26":{"start":{"line":54,"column":8},"end":{"line":54,"column":68}},"27":{"start":{"line":57,"column":6},"end":{"line":57,"column":50}},"28":{"start":{"line":59,"column":6},"end":{"line":59,"column":54}},"29":{"start":{"line":60,"column":6},"end":{"line":60,"column":70}},"30":{"start":{"line":65,"column":4},"end":{"line":78,"column":5}},"31":{"start":{"line":66,"column":24},"end":{"line":66,"column":58}},"32":{"start":{"line":68,"column":29},"end":{"line":68,"column":74}},"33":{"start":{"line":70,"column":6},"end":{"line":72,"column":7}},"34":{"start":{"line":71,"column":8},"end":{"line":71,"column":68}},"35":{"start":{"line":74,"column":6},"end":{"line":74,"column":50}},"36":{"start":{"line":76,"column":6},"end":{"line":76,"column":54}},"37":{"start":{"line":77,"column":6},"end":{"line":77,"column":70}},"38":{"start":{"line":82,"column":0},"end":{"line":82,"column":39}}},"fnMap":{"0":{"name":"(anonymous_1)","decl":{"start":{"line":5,"column":2},"end":{"line":5,"column":7}},"loc":{"start":{"line":5,"column":50},"end":{"line":14,"column":3}}},"1":{"name":"(anonymous_2)","decl":{"start":{"line":16,"column":2},"end":{"line":16,"column":7}},"loc":{"start":{"line":16,"column":50},"end":{"line":35,"column":3}}},"2":{"name":"(anonymous_3)","decl":{"start":{"line":37,"column":2},"end":{"line":37,"column":7}},"loc":{"start":{"line":37,"column":52},"end":{"line":45,"column":3}}},"3":{"name":"(anonymous_4)","decl":{"start":{"line":47,"column":2},"end":{"line":47,"column":7}},"loc":{"start":{"line":47,"column":49},"end":{"line":62,"column":3}}},"4":{"name":"(anonymous_5)","decl":{"start":{"line":64,"column":2},"end":{"line":64,"column":7}},"loc":{"start":{"line":64,"column":49},"end":{"line":79,"column":3}}}},"branchMap":{"0":{"loc":{"start":{"line":7,"column":14},"end":{"line":7,"column":22}},"type":"default-arg","locations":[{"start":{"line":7,"column":21},"end":{"line":7,"column":22}}]},"1":{"loc":{"start":{"line":7,"column":24},"end":{"line":7,"column":33}},"type":"default-arg","locations":[{"start":{"line":7,"column":32},"end":{"line":7,"column":33}}]},"2":{"loc":{"start":{"line":19,"column":4},"end":{"line":21,"column":5}},"type":"if","locations":[{"start":{"line":19,"column":4},"end":{"line":21,"column":5}}]},"3":{"loc":{"start":{"line":19,"column":8},"end":{"line":19,"column":42}},"type":"binary-expr","locations":[{"start":{"line":19,"column":8},"end":{"line":19,"column":24}},{"start":{"line":19,"column":28},"end":{"line":19,"column":42}}]},"4":{"loc":{"start":{"line":26,"column":6},"end":{"line":28,"column":7}},"type":"if","locations":[{"start":{"line":26,"column":6},"end":{"line":28,"column":7}}]},"5":{"loc":{"start":{"line":53,"column":6},"end":{"line":55,"column":7}},"type":"if","locations":[{"start":{"line":53,"column":6},"end":{"line":55,"column":7}}]},"6":{"loc":{"start":{"line":70,"column":6},"end":{"line":72,"column":7}},"type":"if","locations":[{"start":{"line":70,"column":6},"end":{"line":72,"column":7}}]}},"s":{"0":1,"1":2,"2":2,"3":2,"4":1,"5":1,"6":1,"7":4,"8":4,"9":1,"10":3,"11":3,"12":2,"13":1,"14":1,"15":1,"16":1,"17":2,"18":2,"19":1,"20":1,"21":1,"22":3,"23":3,"24":3,"25":2,"26":1,"27":1,"28":1,"29":1,"30":3,"31":3,"32":3,"33":2,"34":1,"35":1,"36":1,"37":1,"38":1},"f":{"0":2,"1":4,"2":2,"3":3,"4":3},"b":{"0":[0],"1":[0],"2":[1],"3":[4,3],"4":[1],"5":[1],"6":[1]}}
,"C:\\Users\\Admin\\Documents\\NodeJS\\E-Shop\\Backend\\src\\presentation\\controllers\\userController.ts": {"path":"C:\\Users\\Admin\\Documents\\NodeJS\\E-Shop\\Backend\\src\\presentation\\controllers\\userController.ts","statementMap":{"0":{"start":{"line":2,"column":0},"end":{"line":2,"column":56}},"1":{"start":{"line":4,"column":21},"end":{"line":12,"column":1}},"2":{"start":{"line":5,"column":2},"end":{"line":11,"column":3}},"3":{"start":{"line":6,"column":17},"end":{"line":6,"column":57}},"4":{"start":{"line":7,"column":4},"end":{"line":7,"column":83}},"5":{"start":{"line":9,"column":4},"end":{"line":9,"column":25}},"6":{"start":{"line":10,"column":4},"end":{"line":10,"column":68}},"7":{"start":{"line":20,"column":9},"end":{"line":20,"column":21}},"8":{"start":{"line":14,"column":25},"end":{"line":18,"column":1}},"9":{"start":{"line":15,"column":4},"end":{"line":17,"column":7}},"10":{"start":{"line":20,"column":23},"end":{"line":20,"column":39}}},"fnMap":{"0":{"name":"(anonymous_1)","decl":{"start":{"line":4,"column":21},"end":{"line":4,"column":26}},"loc":{"start":{"line":4,"column":59},"end":{"line":12,"column":1}}},"1":{"name":"(anonymous_2)","decl":{"start":{"line":14,"column":25},"end":{"line":14,"column":30}},"loc":{"start":{"line":14,"column":63},"end":{"line":18,"column":1}}}},"branchMap":{},"s":{"0":1,"1":1,"2":2,"3":2,"4":1,"5":1,"6":1,"7":1,"8":1,"9":1,"10":1},"f":{"0":2,"1":1},"b":{}}
,"C:\\Users\\Admin\\Documents\\NodeJS\\E-Shop\\Backend\\src\\presentation\\middlewares\\authMiddleware.ts": {"path":"C:\\Users\\Admin\\Documents\\NodeJS\\E-Shop\\Backend\\src\\presentation\\middlewares\\authMiddleware.ts","statementMap":{"0":{"start":{"line":3,"column":0},"end":{"line":3,"column":59}},"1":{"start":{"line":4,"column":0},"end":{"line":4,"column":46}},"2":{"start":{"line":6,"column":15},"end":{"line":6,"column":33}},"3":{"start":{"line":7,"column":21},"end":{"line":49,"column":1}},"4":{"start":{"line":12,"column":30},"end":{"line":12,"column":55}},"5":{"start":{"line":14,"column":2},"end":{"line":18,"column":3}},"6":{"start":{"line":15,"column":4},"end":{"line":17,"column":70}},"7":{"start":{"line":20,"column":16},"end":{"line":20,"column":49}},"8":{"start":{"line":22,"column":2},"end":{"line":48,"column":3}},"9":{"start":{"line":23,"column":25},"end":{"line":23,"column":72}},"10":{"start":{"line":24,"column":4},"end":{"line":24,"column":28}},"11":{"start":{"line":27,"column":16},"end":{"line":27,"column":32}},"12":{"start":{"line":28,"column":26},"end":{"line":32,"column":6}},"13":{"start":{"line":34,"column":4},"end":{"line":36,"column":5}},"14":{"start":{"line":35,"column":6},"end":{"line":35,"column":40}},"15":{"start":{"line":39,"column":4},"end":{"line":41,"column":5}},"16":{"start":{"line":40,"column":6},"end":{"line":40,"column":78}},"17":{"start":{"line":43,"column":4},"end":{"line":43,"column":38}},"18":{"start":{"line":44,"column":4},"end":{"line":44,"column":11}},"19":{"start":{"line":46,"column":4},"end":{"line":46,"column":60}},"20":{"start":{"line":47,"column":4},"end":{"line":47,"column":72}},"21":{"start":{"line":51,"column":0},"end":{"line":51,"column":28}}},"fnMap":{"0":{"name":"(anonymous_0)","decl":{"start":{"line":7,"column":21},"end":{"line":7,"column":26}},"loc":{"start":{"line":11,"column":4},"end":{"line":49,"column":1}}}},"branchMap":{"0":{"loc":{"start":{"line":14,"column":2},"end":{"line":18,"column":3}},"type":"if","locations":[{"start":{"line":14,"column":2},"end":{"line":18,"column":3}}]},"1":{"loc":{"start":{"line":34,"column":4},"end":{"line":36,"column":5}},"type":"if","locations":[{"start":{"line":34,"column":4},"end":{"line":36,"column":5}}]},"2":{"loc":{"start":{"line":39,"column":4},"end":{"line":41,"column":5}},"type":"if","locations":[{"start":{"line":39,"column":4},"end":{"line":41,"column":5}}]}},"s":{"0":1,"1":1,"2":1,"3":1,"4":2,"5":2,"6":1,"7":1,"8":1,"9":1,"10":1,"11":1,"12":0,"13":0,"14":0,"15":0,"16":0,"17":0,"18":0,"19":1,"20":1,"21":1},"f":{"0":2},"b":{"0":[1],"1":[0],"2":[0]}}
}
