TN:
SF:src\application\cartServices.ts
FN:5,(anonymous_0)
FN:9,(anonymous_1)
FN:13,(anonymous_2)
FN:17,(anonymous_3)
FNF:4
FNH:4
FNDA:1,(anonymous_0)
FNDA:1,(anonymous_1)
FNDA:1,(anonymous_2)
FNDA:1,(anonymous_3)
DA:2,2
DA:4,2
DA:6,1
DA:10,1
DA:14,1
DA:18,1
DA:22,2
LF:7
LH:7
BRDA:5,0,0,1
BRDA:9,1,0,1
BRDA:13,2,0,1
BRDA:17,3,0,1
BRF:4
BRH:4
end_of_record
TN:
SF:src\application\orderService.ts
FN:5,(anonymous_1)
FN:7,(anonymous_2)
FN:11,(anonymous_3)
FN:15,(anonymous_4)
FN:19,(anonymous_5)
FNF:5
FNH:5
FNDA:2,(anonymous_1)
FNDA:1,(anonymous_2)
FNDA:1,(anonymous_3)
FNDA:1,(anonymous_4)
FNDA:1,(anonymous_5)
DA:2,2
DA:4,2
DA:5,2
DA:8,1
DA:12,1
DA:16,1
DA:20,1
DA:24,2
LF:8
LH:8
BRF:0
BRH:0
end_of_record
TN:
SF:src\application\productServices.ts
FN:5,(anonymous_0)
FN:7,(anonymous_1)
FN:11,(anonymous_2)
FN:15,(anonymous_3)
FN:19,(anonymous_4)
FN:23,(anonymous_5)
FNF:6
FNH:6
FNDA:2,(anonymous_0)
FNDA:1,(anonymous_1)
FNDA:1,(anonymous_2)
FNDA:1,(anonymous_3)
FNDA:1,(anonymous_4)
FNDA:1,(anonymous_5)
DA:1,2
DA:4,2
DA:5,2
DA:8,1
DA:12,1
DA:16,1
DA:20,1
DA:24,1
DA:28,2
DA:30,2
LF:10
LH:10
BRF:0
BRH:0
end_of_record
TN:
SF:src\application\userServices.ts
FN:7,(anonymous_1)
FN:9,(anonymous_2)
FNF:2
FNH:2
FNDA:2,(anonymous_1)
FNDA:1,(anonymous_2)
DA:4,2
DA:7,2
DA:10,1
DA:11,1
DA:12,0
DA:14,1
DA:15,1
DA:20,2
DA:22,2
LF:9
LH:8
BRF:0
BRH:0
end_of_record
TN:
SF:src\config\firebaseAdmin.ts
FNF:0
FNH:0
DA:1,2
DA:2,2
DA:4,2
DA:8,2
DA:10,2
LF:5
LH:5
BRF:0
BRH:0
end_of_record
TN:
SF:src\infrastructure\PrismaCartRepository.ts
FN:7,(anonymous_0)
FN:36,(anonymous_1)
FN:50,(anonymous_2)
FN:75,(anonymous_3)
FN:97,(anonymous_4)
FNF:5
FNH:0
FNDA:0,(anonymous_0)
FNDA:0,(anonymous_1)
FNDA:0,(anonymous_2)
FNDA:0,(anonymous_3)
FNDA:0,(anonymous_4)
DA:1,3
DA:4,3
DA:6,3
DA:8,0
DA:9,0
DA:14,0
DA:16,0
DA:19,0
DA:25,0
DA:26,0
DA:29,0
DA:31,0
DA:32,0
DA:37,0
DA:38,0
DA:43,0
DA:44,0
DA:50,0
DA:52,0
DA:53,0
DA:58,0
DA:63,0
DA:68,0
DA:70,0
DA:71,0
DA:76,0
DA:77,0
DA:81,0
DA:82,0
DA:85,0
DA:90,0
DA:92,0
DA:93,0
DA:98,0
DA:99,0
DA:103,0
DA:104,0
DA:107,0
DA:109,0
DA:110,0
LF:40
LH:3
BRDA:14,0,0,0
BRDA:25,1,0,0
BRDA:43,2,0,0
BRDA:52,3,0,0
BRDA:52,3,1,0
BRDA:81,4,0,0
BRDA:103,5,0,0
BRF:7
BRH:0
end_of_record
TN:
SF:src\infrastructure\PrismaOrderRepository.ts
FN:10,(anonymous_1)
FN:24,(anonymous_2)
FN:47,(anonymous_3)
FN:90,(anonymous_4)
FN:135,(anonymous_5)
FN:167,(anonymous_6)
FN:190,(anonymous_7)
FNF:7
FNH:0
FNDA:0,(anonymous_1)
FNDA:0,(anonymous_2)
FNDA:0,(anonymous_3)
FNDA:0,(anonymous_4)
FNDA:0,(anonymous_5)
FNDA:0,(anonymous_6)
FNDA:0,(anonymous_7)
DA:1,2
DA:3,2
DA:4,2
DA:6,2
DA:7,2
DA:9,2
DA:11,0
DA:12,0
DA:15,0
DA:23,0
DA:25,0
DA:26,0
DA:38,0
DA:46,0
DA:48,0
DA:49,0
DA:61,0
DA:67,0
DA:68,0
DA:71,0
DA:77,0
DA:83,0
DA:85,0
DA:86,0
DA:91,0
DA:92,0
DA:98,0
DA:99,0
DA:102,0
DA:104,0
DA:113,0
DA:116,0
DA:117,0
DA:121,0
DA:124,0
DA:127,0
DA:135,0
DA:147,0
DA:158,0
DA:160,0
DA:162,0
DA:163,0
DA:168,0
DA:169,0
DA:183,0
DA:185,0
DA:186,0
DA:191,0
DA:192,0
DA:206,0
DA:208,0
DA:209,0
DA:214,2
LF:53
LH:7
BRDA:67,0,0,0
BRDA:98,1,0,0
BRDA:116,2,0,0
BRF:3
BRH:0
end_of_record
TN:
SF:src\infrastructure\PrismaProductRepository.ts
FN:8,(anonymous_0)
FN:23,(anonymous_1)
FN:34,(anonymous_2)
FN:37,(anonymous_3)
FN:43,(anonymous_4)
FN:55,(anonymous_5)
FNF:6
FNH:6
FNDA:1,(anonymous_0)
FNDA:1,(anonymous_1)
FNDA:1,(anonymous_2)
FNDA:5,(anonymous_3)
FNDA:1,(anonymous_4)
FNDA:1,(anonymous_5)
DA:1,3
DA:5,3
DA:7,3
DA:9,1
DA:10,1
DA:11,1
DA:15,1
DA:16,1
DA:17,1
DA:19,0
DA:24,1
DA:25,1
DA:28,1
DA:30,0
DA:35,1
DA:36,1
DA:37,5
DA:39,0
DA:44,1
DA:45,1
DA:49,1
DA:51,0
DA:56,1
DA:57,1
DA:60,0
DA:62,1
DA:67,3
LF:27
LH:22
BRF:0
BRH:0
end_of_record
TN:
SF:src\infrastructure\PrismaUserRepository.ts
FN:10,(anonymous_0)
FNF:1
FNH:1
FNDA:1,(anonymous_0)
DA:1,2
DA:4,2
DA:7,2
DA:11,1
DA:19,1
DA:21,1
DA:23,1
DA:28,0
DA:47,0
DA:49,1
DA:50,1
DA:55,2
LF:12
LH:10
BRF:0
BRH:0
end_of_record
TN:
SF:src\presentation\controllers\cartController.ts
FN:7,(anonymous_1)
FN:25,(anonymous_2)
FN:43,(anonymous_3)
FN:55,(anonymous_4)
FNF:4
FNH:4
FNDA:3,(anonymous_1)
FNDA:3,(anonymous_2)
FNDA:2,(anonymous_3)
FNDA:2,(anonymous_4)
DA:2,1
DA:5,1
DA:8,3
DA:9,3
DA:10,3
DA:11,1
DA:12,1
DA:15,2
DA:16,2
DA:17,1
DA:19,1
DA:20,1
DA:26,3
DA:27,3
DA:28,3
DA:29,1
DA:30,1
DA:33,2
DA:34,2
DA:35,2
DA:36,1
DA:38,1
DA:39,1
DA:44,2
DA:45,2
DA:46,2
DA:47,1
DA:49,1
DA:50,1
DA:56,2
DA:57,2
DA:58,2
DA:59,1
DA:61,1
DA:62,1
LF:35
LH:35
BRDA:10,0,0,1
BRDA:28,1,0,1
BRF:2
BRH:2
end_of_record
TN:
SF:src\presentation\controllers\orderController.ts
FN:5,handleCreateOrder
FN:26,handleGetOrderById
FN:48,handlePurchaseHistory
FNF:3
FNH:3
FNDA:3,handleCreateOrder
FNDA:4,handleGetOrderById
FNDA:3,handlePurchaseHistory
DA:2,1
DA:6,3
DA:8,3
DA:9,1
DA:10,1
DA:13,2
DA:14,2
DA:15,2
DA:17,2
DA:18,1
DA:19,1
DA:21,1
DA:22,1
DA:27,4
DA:29,4
DA:30,1
DA:31,1
DA:34,3
DA:35,3
DA:36,3
DA:37,3
DA:38,2
DA:39,1
DA:41,1
DA:43,1
DA:44,1
DA:49,3
DA:51,3
DA:52,1
DA:53,1
DA:56,2
DA:57,2
DA:58,2
DA:59,1
DA:61,1
DA:62,1
DA:66,1
LF:37
LH:37
BRDA:8,0,0,1
BRDA:29,1,0,1
BRDA:38,2,0,1
BRDA:51,3,0,1
BRF:4
BRH:4
end_of_record
TN:
SF:src\presentation\controllers\productController.ts
FN:5,(anonymous_1)
FN:16,(anonymous_2)
FN:37,(anonymous_3)
FN:47,(anonymous_4)
FN:64,(anonymous_5)
FNF:5
FNH:5
FNDA:2,(anonymous_1)
FNDA:4,(anonymous_2)
FNDA:2,(anonymous_3)
FNDA:3,(anonymous_4)
FNDA:3,(anonymous_5)
DA:2,1
DA:6,2
DA:7,2
DA:8,2
DA:9,1
DA:11,1
DA:12,1
DA:17,4
DA:19,4
DA:20,1
DA:23,3
DA:24,3
DA:26,2
DA:27,1
DA:30,1
DA:32,1
DA:33,1
DA:38,2
DA:39,2
DA:40,1
DA:42,1
DA:43,1
DA:48,3
DA:49,3
DA:51,3
DA:53,2
DA:54,1
DA:57,1
DA:59,1
DA:60,1
DA:65,3
DA:66,3
DA:68,3
DA:70,2
DA:71,1
DA:74,1
DA:76,1
DA:77,1
DA:82,1
LF:39
LH:39
BRDA:7,0,0,0
BRDA:7,1,0,0
BRDA:19,2,0,1
BRDA:19,3,0,4
BRDA:19,3,1,3
BRDA:26,4,0,1
BRDA:53,5,0,1
BRDA:70,6,0,1
BRF:8
BRH:6
end_of_record
TN:
SF:src\presentation\controllers\userController.ts
FN:4,(anonymous_1)
FN:14,(anonymous_2)
FNF:2
FNH:2
FNDA:2,(anonymous_1)
FNDA:1,(anonymous_2)
DA:2,1
DA:4,1
DA:5,2
DA:6,2
DA:7,1
DA:9,1
DA:10,1
DA:14,1
DA:15,1
DA:20,1
LF:10
LH:10
BRF:0
BRH:0
end_of_record
TN:
SF:src\presentation\middlewares\authMiddleware.ts
FN:7,(anonymous_0)
FNF:1
FNH:1
FNDA:1,(anonymous_0)
DA:3,1
DA:4,1
DA:6,1
DA:7,1
DA:12,1
DA:14,1
DA:15,1
DA:20,0
DA:22,0
DA:23,0
DA:24,0
DA:27,0
DA:28,0
DA:34,0
DA:35,0
DA:39,0
DA:40,0
DA:43,0
DA:44,0
DA:46,0
DA:47,0
DA:51,1
LF:22
LH:8
BRDA:14,0,0,1
BRDA:34,1,0,0
BRDA:39,2,0,0
BRF:3
BRH:1
end_of_record
