TN:
SF:src\application\cartServices.ts
FN:5,(anonymous_0)
FN:9,(anonymous_1)
FN:13,(anonymous_2)
FN:17,(anonymous_3)
FNF:4
FNH:4
FNDA:1,(anonymous_0)
FNDA:1,(anonymous_1)
FNDA:1,(anonymous_2)
FNDA:1,(anonymous_3)
DA:2,2
DA:4,2
DA:6,1
DA:10,1
DA:14,1
DA:18,1
DA:22,2
LF:7
LH:7
BRDA:5,0,0,0
BRDA:9,1,0,0
BRDA:13,2,0,0
BRDA:17,3,0,0
BRF:4
BRH:0
end_of_record
TN:
SF:src\application\productServices.ts
FN:5,(anonymous_0)
FN:7,(anonymous_1)
FN:11,(anonymous_2)
FN:15,(anonymous_3)
FN:19,(anonymous_4)
FN:23,(anonymous_5)
FNF:6
FNH:1
FNDA:1,(anonymous_0)
FNDA:0,(anonymous_1)
FNDA:0,(anonymous_2)
FNDA:0,(anonymous_3)
FNDA:0,(anonymous_4)
FNDA:0,(anonymous_5)
DA:1,1
DA:4,1
DA:5,1
DA:8,0
DA:12,0
DA:16,0
DA:20,0
DA:24,0
DA:28,1
DA:30,1
LF:10
LH:5
BRF:0
BRH:0
end_of_record
TN:
SF:src\application\userServices.ts
FN:7,(anonymous_1)
FN:9,(anonymous_2)
FNF:2
FNH:1
FNDA:1,(anonymous_1)
FNDA:0,(anonymous_2)
DA:4,1
DA:7,1
DA:10,0
DA:11,0
DA:12,0
DA:14,0
DA:15,0
DA:20,1
DA:22,1
LF:9
LH:4
BRF:0
BRH:0
end_of_record
TN:
SF:src\config\firebaseAdmin.ts
FNF:0
FNH:0
DA:1,1
DA:2,1
DA:4,1
DA:8,1
DA:10,1
LF:5
LH:5
BRF:0
BRH:0
end_of_record
TN:
SF:src\infrastructure\PrismaCartRepository.ts
FN:7,(anonymous_0)
FN:35,(anonymous_1)
FN:49,(anonymous_2)
FN:74,(anonymous_3)
FN:96,(anonymous_4)
FNF:5
FNH:4
FNDA:1,(anonymous_0)
FNDA:1,(anonymous_1)
FNDA:0,(anonymous_2)
FNDA:1,(anonymous_3)
FNDA:1,(anonymous_4)
DA:1,2
DA:4,2
DA:6,2
DA:8,1
DA:9,1
DA:13,1
DA:15,0
DA:18,1
DA:24,1
DA:25,1
DA:28,0
DA:30,0
DA:31,0
DA:36,1
DA:37,1
DA:42,1
DA:43,0
DA:49,1
DA:51,1
DA:52,0
DA:57,1
DA:62,0
DA:67,0
DA:69,1
DA:70,1
DA:75,1
DA:76,1
DA:80,1
DA:81,1
DA:84,0
DA:89,0
DA:91,1
DA:92,1
DA:97,1
DA:98,1
DA:102,1
DA:103,1
DA:106,0
DA:108,1
DA:109,1
LF:40
LH:29
BRDA:13,0,0,0
BRDA:24,1,0,1
BRDA:42,2,0,0
BRDA:51,3,0,0
BRDA:51,3,1,1
BRDA:80,4,0,1
BRDA:102,5,0,1
BRF:7
BRH:4
end_of_record
TN:
SF:src\infrastructure\PrismaProductRepository.ts
FN:8,(anonymous_0)
FN:23,(anonymous_1)
FN:34,(anonymous_2)
FN:37,(anonymous_3)
FN:43,(anonymous_4)
FN:55,(anonymous_5)
FNF:6
FNH:0
FNDA:0,(anonymous_0)
FNDA:0,(anonymous_1)
FNDA:0,(anonymous_2)
FNDA:0,(anonymous_3)
FNDA:0,(anonymous_4)
FNDA:0,(anonymous_5)
DA:1,1
DA:5,1
DA:7,1
DA:9,0
DA:10,0
DA:11,0
DA:15,0
DA:16,0
DA:17,0
DA:19,0
DA:24,0
DA:25,0
DA:28,0
DA:30,0
DA:35,0
DA:36,0
DA:37,0
DA:39,0
DA:44,0
DA:45,0
DA:49,0
DA:51,0
DA:56,0
DA:57,0
DA:60,0
DA:62,0
DA:67,1
LF:27
LH:4
BRF:0
BRH:0
end_of_record
TN:
SF:src\infrastructure\PrismaUserRepository.ts
FN:10,(anonymous_0)
FNF:1
FNH:0
FNDA:0,(anonymous_0)
DA:1,1
DA:4,1
DA:7,1
DA:11,0
DA:19,0
DA:21,0
DA:23,0
DA:28,0
DA:47,0
DA:49,0
DA:50,0
DA:55,1
LF:12
LH:4
BRF:0
BRH:0
end_of_record
TN:
SF:src\presentation\controllers\cartController.ts
FN:7,(anonymous_1)
FN:25,(anonymous_2)
FN:43,(anonymous_3)
FN:55,(anonymous_4)
FNF:4
FNH:4
FNDA:3,(anonymous_1)
FNDA:3,(anonymous_2)
FNDA:2,(anonymous_3)
FNDA:2,(anonymous_4)
DA:2,1
DA:5,1
DA:8,3
DA:9,3
DA:10,3
DA:11,1
DA:12,1
DA:15,2
DA:16,2
DA:17,1
DA:19,1
DA:20,1
DA:26,3
DA:27,3
DA:28,3
DA:29,1
DA:30,1
DA:33,2
DA:34,2
DA:35,2
DA:36,1
DA:38,1
DA:39,1
DA:44,2
DA:45,2
DA:46,2
DA:47,1
DA:49,1
DA:50,1
DA:56,2
DA:57,2
DA:58,2
DA:59,1
DA:61,1
DA:62,1
LF:35
LH:35
BRDA:10,0,0,1
BRDA:28,1,0,1
BRF:2
BRH:2
end_of_record
TN:
SF:src\presentation\controllers\productController.ts
FN:5,(anonymous_1)
FN:16,(anonymous_2)
FN:37,(anonymous_3)
FN:47,(anonymous_4)
FN:64,(anonymous_5)
FNF:5
FNH:5
FNDA:2,(anonymous_1)
FNDA:4,(anonymous_2)
FNDA:2,(anonymous_3)
FNDA:3,(anonymous_4)
FNDA:3,(anonymous_5)
DA:2,1
DA:6,2
DA:7,2
DA:8,2
DA:9,1
DA:11,1
DA:12,1
DA:17,4
DA:19,4
DA:20,1
DA:23,3
DA:24,3
DA:26,2
DA:27,1
DA:30,1
DA:32,1
DA:33,1
DA:38,2
DA:39,2
DA:40,1
DA:42,1
DA:43,1
DA:48,3
DA:49,3
DA:51,3
DA:53,2
DA:54,1
DA:57,1
DA:59,1
DA:60,1
DA:65,3
DA:66,3
DA:68,3
DA:70,2
DA:71,1
DA:74,1
DA:76,1
DA:77,1
DA:82,1
LF:39
LH:39
BRDA:7,0,0,0
BRDA:7,1,0,0
BRDA:19,2,0,1
BRDA:19,3,0,4
BRDA:19,3,1,3
BRDA:26,4,0,1
BRDA:53,5,0,1
BRDA:70,6,0,1
BRF:8
BRH:6
end_of_record
TN:
SF:src\presentation\controllers\userController.ts
FN:4,(anonymous_1)
FN:14,(anonymous_2)
FNF:2
FNH:2
FNDA:2,(anonymous_1)
FNDA:1,(anonymous_2)
DA:2,1
DA:4,1
DA:5,2
DA:6,2
DA:7,1
DA:9,1
DA:10,1
DA:14,1
DA:15,1
DA:20,1
LF:10
LH:10
BRF:0
BRH:0
end_of_record
TN:
SF:src\presentation\middlewares\authMiddleware.ts
FN:7,(anonymous_0)
FNF:1
FNH:1
FNDA:2,(anonymous_0)
DA:3,1
DA:4,1
DA:6,1
DA:7,1
DA:12,2
DA:14,2
DA:15,1
DA:20,1
DA:22,1
DA:23,1
DA:24,1
DA:27,1
DA:28,0
DA:34,0
DA:35,0
DA:39,0
DA:40,0
DA:43,0
DA:44,0
DA:46,1
DA:47,1
DA:51,1
LF:22
LH:15
BRDA:14,0,0,1
BRDA:34,1,0,0
BRDA:39,2,0,0
BRF:3
BRH:1
end_of_record
